This is pdfTeX, Version 3.14159265-2.6-1.40.17 (TeX Live 2016/Debian) (preloaded format=pdflatex 2016.12.4)  19 SEP 2017 12:27
entering extended mode
 restricted \write18 enabled.
 %&-line parsing enabled.
**\nonstopmode\input RKI_TJ_1.1.tex
(./RKI_TJ_1.1.tex (/usr/share/texlive/texmf-dist/tex/latex/beamer/beamer.cls
(/usr/share/texlive/texmf-dist/tex/latex/beamer/beamerbasercs.sty
Package: beamerbasercs 2015/03/08 (rcs-revision 368aa9ba9d38)
)
Document Class: beamer 2015/01/05 3.36 A class for typesetting presentations (r
cs-revision 8a39122e1f63)
(/usr/share/texlive/texmf-dist/tex/latex/beamer/beamerbasemodes.sty
Package: beamerbasemodes 2013/09/03 (rcs-revision 768f2d98ca64)
\beamer@tempbox=\box26
\beamer@tempcount=\count79
\c@beamerpauses=\count80

(/usr/share/texlive/texmf-dist/tex/latex/beamer/beamerbasedecode.sty
Package: beamerbasedecode 2010/05/01 (rcs-revision efa082c6111d)
\beamer@slideinframe=\count81
\beamer@minimum=\count82
)
\beamer@commentbox=\box27
\beamer@modecount=\count83
)
(/usr/share/texlive/texmf-dist/tex/generic/oberdiek/ifpdf.sty
Package: ifpdf 2016/05/14 v3.1 Provides the ifpdf switch
)
\headheight=\dimen102
\headdp=\dimen103
\footheight=\dimen104
\sidebarheight=\dimen105
\beamer@tempdim=\dimen106
\beamer@finalheight=\dimen107
\beamer@animht=\dimen108
\beamer@animdp=\dimen109
\beamer@animwd=\dimen110
\beamer@leftmargin=\dimen111
\beamer@rightmargin=\dimen112
\beamer@leftsidebar=\dimen113
\beamer@rightsidebar=\dimen114
\beamer@boxsize=\dimen115
\beamer@vboxoffset=\dimen116
\beamer@descdefault=\dimen117
\beamer@descriptionwidth=\dimen118
\beamer@lastskip=\skip41
\beamer@areabox=\box28
\beamer@animcurrent=\box29
\beamer@animshowbox=\box30
\beamer@sectionbox=\box31
\beamer@logobox=\box32
\beamer@linebox=\box33
\beamer@sectioncount=\count84
\beamer@subsubsectionmax=\count85
\beamer@subsectionmax=\count86
\beamer@sectionmax=\count87
\beamer@totalheads=\count88
\beamer@headcounter=\count89
\beamer@partstartpage=\count90
\beamer@sectionstartpage=\count91
\beamer@subsectionstartpage=\count92
\beamer@animationtempa=\count93
\beamer@animationtempb=\count94
\beamer@xpos=\count95
\beamer@ypos=\count96
\beamer@showpartnumber=\count97
\beamer@currentsubsection=\count98
\beamer@coveringdepth=\count99
\beamer@sectionadjust=\count100
\beamer@tocsectionnumber=\count101

(/usr/share/texlive/texmf-dist/tex/latex/beamer/beamerbaseoptions.sty
Package: beamerbaseoptions 2013/03/10 (rcs-revision 47431932db0d)

(/usr/share/texlive/texmf-dist/tex/latex/graphics/keyval.sty
Package: keyval 2014/10/28 v1.15 key=value parser (DPC)
\KV@toks@=\toks14
))
\beamer@paperwidth=\skip42
\beamer@paperheight=\skip43

(/usr/share/texlive/texmf-dist/tex/latex/geometry/geometry.sty
Package: geometry 2010/09/12 v5.6 Page Geometry

(/usr/share/texlive/texmf-dist/tex/generic/oberdiek/ifvtex.sty
Package: ifvtex 2016/05/16 v1.6 Detect VTeX and its facilities (HO)
Package ifvtex Info: VTeX not detected.
)
(/usr/share/texlive/texmf-dist/tex/generic/ifxetex/ifxetex.sty
Package: ifxetex 2010/09/12 v0.6 Provides ifxetex conditional
)
\Gm@cnth=\count102
\Gm@cntv=\count103
\c@Gm@tempcnt=\count104
\Gm@bindingoffset=\dimen119
\Gm@wd@mp=\dimen120
\Gm@odd@mp=\dimen121
\Gm@even@mp=\dimen122
\Gm@layoutwidth=\dimen123
\Gm@layoutheight=\dimen124
\Gm@layouthoffset=\dimen125
\Gm@layoutvoffset=\dimen126
\Gm@dimlist=\toks15
)

Class beamer Warning: ``mathserif'' is obsolete. Use font theme ``serif'' with 
option ``onlymath'' on input line 348.

(/usr/share/texlive/texmf-dist/tex/latex/base/size11.clo
File: size11.clo 2014/09/29 v1.4h Standard LaTeX file (size option)
)
(/usr/share/texlive/texmf-dist/tex/latex/pgf/basiclayer/pgfcore.sty
(/usr/share/texlive/texmf-dist/tex/latex/graphics/graphicx.sty
Package: graphicx 2014/10/28 v1.0g Enhanced LaTeX Graphics (DPC,SPQR)

(/usr/share/texlive/texmf-dist/tex/latex/graphics/graphics.sty
Package: graphics 2016/07/10 v1.0t Standard LaTeX Graphics (DPC,SPQR)

(/usr/share/texlive/texmf-dist/tex/latex/graphics/trig.sty
Package: trig 2016/01/03 v1.10 sin cos tan (DPC)
)
(/usr/share/texlive/texmf-dist/tex/latex/graphics-cfg/graphics.cfg
File: graphics.cfg 2016/06/04 v1.11 sample graphics configuration
)
Package graphics Info: Driver file: pdftex.def on input line 99.

(/usr/share/texlive/texmf-dist/tex/latex/graphics-def/pdftex.def
File: pdftex.def 2016/07/10 v0.06j Graphics/color for pdfTeX

(/usr/share/texlive/texmf-dist/tex/generic/oberdiek/infwarerr.sty
Package: infwarerr 2016/05/16 v1.4 Providing info/warning/error messages (HO)
)
(/usr/share/texlive/texmf-dist/tex/generic/oberdiek/ltxcmds.sty
Package: ltxcmds 2016/05/16 v1.23 LaTeX kernel commands for general use (HO)
)
\Gread@gobject=\count105
))
\Gin@req@height=\dimen127
\Gin@req@width=\dimen128
)
(/usr/share/texlive/texmf-dist/tex/latex/pgf/systemlayer/pgfsys.sty
(/usr/share/texlive/texmf-dist/tex/latex/pgf/utilities/pgfrcs.sty
(/usr/share/texlive/texmf-dist/tex/generic/pgf/utilities/pgfutil-common.tex
\pgfutil@everybye=\toks16
\pgfutil@tempdima=\dimen129
\pgfutil@tempdimb=\dimen130

(/usr/share/texlive/texmf-dist/tex/generic/pgf/utilities/pgfutil-common-lists.t
ex)) (/usr/share/texlive/texmf-dist/tex/generic/pgf/utilities/pgfutil-latex.def
\pgfutil@abb=\box34
(/usr/share/texlive/texmf-dist/tex/latex/ms/everyshi.sty
Package: everyshi 2001/05/15 v3.00 EveryShipout Package (MS)
))
(/usr/share/texlive/texmf-dist/tex/generic/pgf/utilities/pgfrcs.code.tex
Package: pgfrcs 2015/08/07 v3.0.1a (rcs-revision 1.31)
))
(/usr/share/texlive/texmf-dist/tex/generic/pgf/systemlayer/pgfsys.code.tex
Package: pgfsys 2014/07/09 v3.0.1a (rcs-revision 1.48)

(/usr/share/texlive/texmf-dist/tex/generic/pgf/utilities/pgfkeys.code.tex
\pgfkeys@pathtoks=\toks17
\pgfkeys@temptoks=\toks18

(/usr/share/texlive/texmf-dist/tex/generic/pgf/utilities/pgfkeysfiltered.code.t
ex
\pgfkeys@tmptoks=\toks19
))
\pgf@x=\dimen131
\pgf@y=\dimen132
\pgf@xa=\dimen133
\pgf@ya=\dimen134
\pgf@xb=\dimen135
\pgf@yb=\dimen136
\pgf@xc=\dimen137
\pgf@yc=\dimen138
\w@pgf@writea=\write3
\r@pgf@reada=\read1
\c@pgf@counta=\count106
\c@pgf@countb=\count107
\c@pgf@countc=\count108
\c@pgf@countd=\count109
\t@pgf@toka=\toks20
\t@pgf@tokb=\toks21
\t@pgf@tokc=\toks22
 (/usr/share/texlive/texmf-dist/tex/generic/pgf/systemlayer/pgf.cfg
File: pgf.cfg 2008/05/14  (rcs-revision 1.7)
)
Driver file for pgf: pgfsys-pdftex.def

(/usr/share/texlive/texmf-dist/tex/generic/pgf/systemlayer/pgfsys-pdftex.def
File: pgfsys-pdftex.def 2014/10/11  (rcs-revision 1.35)

(/usr/share/texlive/texmf-dist/tex/generic/pgf/systemlayer/pgfsys-common-pdf.de
f
File: pgfsys-common-pdf.def 2013/10/10  (rcs-revision 1.13)
)))
(/usr/share/texlive/texmf-dist/tex/generic/pgf/systemlayer/pgfsyssoftpath.code.
tex
File: pgfsyssoftpath.code.tex 2013/09/09  (rcs-revision 1.9)
\pgfsyssoftpath@smallbuffer@items=\count110
\pgfsyssoftpath@bigbuffer@items=\count111
)
(/usr/share/texlive/texmf-dist/tex/generic/pgf/systemlayer/pgfsysprotocol.code.
tex
File: pgfsysprotocol.code.tex 2006/10/16  (rcs-revision 1.4)
)) (/usr/share/texlive/texmf-dist/tex/latex/xcolor/xcolor.sty
Package: xcolor 2016/05/11 v2.12 LaTeX color extensions (UK)

(/usr/share/texlive/texmf-dist/tex/latex/graphics-cfg/color.cfg
File: color.cfg 2016/01/02 v1.6 sample color configuration
)
Package xcolor Info: Driver file: pdftex.def on input line 225.
Package xcolor Info: Model `cmy' substituted by `cmy0' on input line 1348.
Package xcolor Info: Model `hsb' substituted by `rgb' on input line 1352.
Package xcolor Info: Model `RGB' extended on input line 1364.
Package xcolor Info: Model `HTML' substituted by `rgb' on input line 1366.
Package xcolor Info: Model `Hsb' substituted by `hsb' on input line 1367.
Package xcolor Info: Model `tHsb' substituted by `hsb' on input line 1368.
Package xcolor Info: Model `HSB' substituted by `hsb' on input line 1369.
Package xcolor Info: Model `Gray' substituted by `gray' on input line 1370.
Package xcolor Info: Model `wave' substituted by `hsb' on input line 1371.
)
(/usr/share/texlive/texmf-dist/tex/generic/pgf/basiclayer/pgfcore.code.tex
Package: pgfcore 2010/04/11 v3.0.1a (rcs-revision 1.7)

(/usr/share/texlive/texmf-dist/tex/generic/pgf/math/pgfmath.code.tex
(/usr/share/texlive/texmf-dist/tex/generic/pgf/math/pgfmathcalc.code.tex
(/usr/share/texlive/texmf-dist/tex/generic/pgf/math/pgfmathutil.code.tex)
(/usr/share/texlive/texmf-dist/tex/generic/pgf/math/pgfmathparser.code.tex
\pgfmath@dimen=\dimen139
\pgfmath@count=\count112
\pgfmath@box=\box35
\pgfmath@toks=\toks23
\pgfmath@stack@operand=\toks24
\pgfmath@stack@operation=\toks25
)
(/usr/share/texlive/texmf-dist/tex/generic/pgf/math/pgfmathfunctions.code.tex
(/usr/share/texlive/texmf-dist/tex/generic/pgf/math/pgfmathfunctions.basic.code
.tex)
(/usr/share/texlive/texmf-dist/tex/generic/pgf/math/pgfmathfunctions.trigonomet
ric.code.tex)
(/usr/share/texlive/texmf-dist/tex/generic/pgf/math/pgfmathfunctions.random.cod
e.tex)
(/usr/share/texlive/texmf-dist/tex/generic/pgf/math/pgfmathfunctions.comparison
.code.tex)
(/usr/share/texlive/texmf-dist/tex/generic/pgf/math/pgfmathfunctions.base.code.
tex)
(/usr/share/texlive/texmf-dist/tex/generic/pgf/math/pgfmathfunctions.round.code
.tex)
(/usr/share/texlive/texmf-dist/tex/generic/pgf/math/pgfmathfunctions.misc.code.
tex)
(/usr/share/texlive/texmf-dist/tex/generic/pgf/math/pgfmathfunctions.integerari
thmetics.code.tex)))
(/usr/share/texlive/texmf-dist/tex/generic/pgf/math/pgfmathfloat.code.tex
\c@pgfmathroundto@lastzeros=\count113
))
(/usr/share/texlive/texmf-dist/tex/generic/pgf/basiclayer/pgfcorepoints.code.te
x
File: pgfcorepoints.code.tex 2013/10/07  (rcs-revision 1.27)
\pgf@picminx=\dimen140
\pgf@picmaxx=\dimen141
\pgf@picminy=\dimen142
\pgf@picmaxy=\dimen143
\pgf@pathminx=\dimen144
\pgf@pathmaxx=\dimen145
\pgf@pathminy=\dimen146
\pgf@pathmaxy=\dimen147
\pgf@xx=\dimen148
\pgf@xy=\dimen149
\pgf@yx=\dimen150
\pgf@yy=\dimen151
\pgf@zx=\dimen152
\pgf@zy=\dimen153
)
(/usr/share/texlive/texmf-dist/tex/generic/pgf/basiclayer/pgfcorepathconstruct.
code.tex
File: pgfcorepathconstruct.code.tex 2013/10/07  (rcs-revision 1.29)
\pgf@path@lastx=\dimen154
\pgf@path@lasty=\dimen155
)
(/usr/share/texlive/texmf-dist/tex/generic/pgf/basiclayer/pgfcorepathusage.code
.tex
File: pgfcorepathusage.code.tex 2014/11/02  (rcs-revision 1.24)
\pgf@shorten@end@additional=\dimen156
\pgf@shorten@start@additional=\dimen157
)
(/usr/share/texlive/texmf-dist/tex/generic/pgf/basiclayer/pgfcorescopes.code.te
x
File: pgfcorescopes.code.tex 2015/05/08  (rcs-revision 1.46)
\pgfpic=\box36
\pgf@hbox=\box37
\pgf@layerbox@main=\box38
\pgf@picture@serial@count=\count114
)
(/usr/share/texlive/texmf-dist/tex/generic/pgf/basiclayer/pgfcoregraphicstate.c
ode.tex
File: pgfcoregraphicstate.code.tex 2014/11/02  (rcs-revision 1.12)
\pgflinewidth=\dimen158
)
(/usr/share/texlive/texmf-dist/tex/generic/pgf/basiclayer/pgfcoretransformation
s.code.tex
File: pgfcoretransformations.code.tex 2015/08/07  (rcs-revision 1.20)
\pgf@pt@x=\dimen159
\pgf@pt@y=\dimen160
\pgf@pt@temp=\dimen161
)
(/usr/share/texlive/texmf-dist/tex/generic/pgf/basiclayer/pgfcorequick.code.tex
File: pgfcorequick.code.tex 2008/10/09  (rcs-revision 1.3)
)
(/usr/share/texlive/texmf-dist/tex/generic/pgf/basiclayer/pgfcoreobjects.code.t
ex
File: pgfcoreobjects.code.tex 2006/10/11  (rcs-revision 1.2)
)
(/usr/share/texlive/texmf-dist/tex/generic/pgf/basiclayer/pgfcorepathprocessing
.code.tex
File: pgfcorepathprocessing.code.tex 2013/09/09  (rcs-revision 1.9)
)
(/usr/share/texlive/texmf-dist/tex/generic/pgf/basiclayer/pgfcorearrows.code.te
x
File: pgfcorearrows.code.tex 2015/05/14  (rcs-revision 1.43)
\pgfarrowsep=\dimen162
)
(/usr/share/texlive/texmf-dist/tex/generic/pgf/basiclayer/pgfcoreshade.code.tex
File: pgfcoreshade.code.tex 2013/07/15  (rcs-revision 1.15)
\pgf@max=\dimen163
\pgf@sys@shading@range@num=\count115
)
(/usr/share/texlive/texmf-dist/tex/generic/pgf/basiclayer/pgfcoreimage.code.tex
File: pgfcoreimage.code.tex 2013/07/15  (rcs-revision 1.18)

(/usr/share/texlive/texmf-dist/tex/generic/pgf/basiclayer/pgfcoreexternal.code.
tex
File: pgfcoreexternal.code.tex 2014/07/09  (rcs-revision 1.21)
\pgfexternal@startupbox=\box39
))
(/usr/share/texlive/texmf-dist/tex/generic/pgf/basiclayer/pgfcorelayers.code.te
x
File: pgfcorelayers.code.tex 2013/07/18  (rcs-revision 1.7)
)
(/usr/share/texlive/texmf-dist/tex/generic/pgf/basiclayer/pgfcoretransparency.c
ode.tex
File: pgfcoretransparency.code.tex 2013/09/30  (rcs-revision 1.5)
)
(/usr/share/texlive/texmf-dist/tex/generic/pgf/basiclayer/pgfcorepatterns.code.
tex
File: pgfcorepatterns.code.tex 2013/11/07  (rcs-revision 1.5)
))) (/usr/share/texlive/texmf-dist/tex/latex/pgf/utilities/xxcolor.sty
Package: xxcolor 2003/10/24 ver 0.1
\XC@nummixins=\count116
\XC@countmixins=\count117
)
(/usr/share/texlive/texmf-dist/tex/generic/oberdiek/atbegshi.sty
Package: atbegshi 2016/06/09 v1.18 At begin shipout hook (HO)
)
(/usr/share/texlive/texmf-dist/tex/latex/hyperref/hyperref.sty
Package: hyperref 2016/06/24 v6.83q Hypertext links for LaTeX

(/usr/share/texlive/texmf-dist/tex/generic/oberdiek/hobsub-hyperref.sty
Package: hobsub-hyperref 2016/05/16 v1.14 Bundle oberdiek, subset hyperref (HO)


(/usr/share/texlive/texmf-dist/tex/generic/oberdiek/hobsub-generic.sty
Package: hobsub-generic 2016/05/16 v1.14 Bundle oberdiek, subset generic (HO)
Package: hobsub 2016/05/16 v1.14 Construct package bundles (HO)
Package hobsub Info: Skipping package `infwarerr' (already loaded).
Package hobsub Info: Skipping package `ltxcmds' (already loaded).
Package: ifluatex 2016/05/16 v1.4 Provides the ifluatex switch (HO)
Package ifluatex Info: LuaTeX not detected.
Package hobsub Info: Skipping package `ifvtex' (already loaded).
Package: intcalc 2016/05/16 v1.2 Expandable calculations with integers (HO)
Package hobsub Info: Skipping package `ifpdf' (already loaded).
Package: etexcmds 2016/05/16 v1.6 Avoid name clashes with e-TeX commands (HO)
Package etexcmds Info: Could not find \expanded.
(etexcmds)             That can mean that you are not using pdfTeX 1.50 or
(etexcmds)             that some package has redefined \expanded.
(etexcmds)             In the latter case, load this package earlier.
Package: kvsetkeys 2016/05/16 v1.17 Key value parser (HO)
Package: kvdefinekeys 2016/05/16 v1.4 Define keys (HO)
Package: pdftexcmds 2016/05/21 v0.22 Utility functions of pdfTeX for LuaTeX (HO
)
Package pdftexcmds Info: LuaTeX not detected.
Package pdftexcmds Info: \pdf@primitive is available.
Package pdftexcmds Info: \pdf@ifprimitive is available.
Package pdftexcmds Info: \pdfdraftmode found.
Package: pdfescape 2016/05/16 v1.14 Implements pdfTeX's escape features (HO)
Package: bigintcalc 2016/05/16 v1.4 Expandable calculations on big integers (HO
)
Package: bitset 2016/05/16 v1.2 Handle bit-vector datatype (HO)
Package: uniquecounter 2016/05/16 v1.3 Provide unlimited unique counter (HO)
)
Package hobsub Info: Skipping package `hobsub' (already loaded).
Package: letltxmacro 2016/05/16 v1.5 Let assignment for LaTeX macros (HO)
Package: hopatch 2016/05/16 v1.3 Wrapper for package hooks (HO)
Package: xcolor-patch 2016/05/16 xcolor patch
Package: atveryend 2016/05/16 v1.9 Hooks at the very end of document (HO)
Package atveryend Info: \enddocument detected (standard20110627).
Package hobsub Info: Skipping package `atbegshi' (already loaded).
Package: refcount 2016/05/16 v3.5 Data extraction from label references (HO)
Package: hycolor 2016/05/16 v1.8 Color options for hyperref/bookmark (HO)
)
(/usr/share/texlive/texmf-dist/tex/latex/oberdiek/auxhook.sty
Package: auxhook 2016/05/16 v1.4 Hooks for auxiliary files (HO)
)
(/usr/share/texlive/texmf-dist/tex/latex/oberdiek/kvoptions.sty
Package: kvoptions 2016/05/16 v3.12 Key value format for package options (HO)
)
\@linkdim=\dimen164
\Hy@linkcounter=\count118
\Hy@pagecounter=\count119

(/usr/share/texlive/texmf-dist/tex/latex/hyperref/pd1enc.def
File: pd1enc.def 2016/06/24 v6.83q Hyperref: PDFDocEncoding definition (HO)
)
\Hy@SavedSpaceFactor=\count120

(/usr/share/texlive/texmf-dist/tex/latex/latexconfig/hyperref.cfg
File: hyperref.cfg 2002/06/06 v1.2 hyperref configuration of TeXLive
)
Package hyperref Info: Option `bookmarks' set `true' on input line 4362.
Package hyperref Info: Option `bookmarksopen' set `true' on input line 4362.
Package hyperref Info: Option `implicit' set `false' on input line 4362.
Package hyperref Info: Hyper figures OFF on input line 4486.
Package hyperref Info: Link nesting OFF on input line 4491.
Package hyperref Info: Hyper index ON on input line 4494.
Package hyperref Info: Plain pages OFF on input line 4501.
Package hyperref Info: Backreferencing OFF on input line 4506.
Package hyperref Info: Implicit mode OFF; no redefinition of LaTeX internals.
Package hyperref Info: Bookmarks ON on input line 4735.
\c@Hy@tempcnt=\count121

(/usr/share/texlive/texmf-dist/tex/latex/url/url.sty
\Urlmuskip=\muskip10
Package: url 2013/09/16  ver 3.4  Verb mode for urls, etc.
)
LaTeX Info: Redefining \url on input line 5088.
\XeTeXLinkMargin=\dimen165
\Fld@menulength=\count122
\Field@Width=\dimen166
\Fld@charsize=\dimen167
Package hyperref Info: Hyper figures OFF on input line 6342.
Package hyperref Info: Link nesting OFF on input line 6347.
Package hyperref Info: Hyper index ON on input line 6350.
Package hyperref Info: backreferencing OFF on input line 6357.
Package hyperref Info: Link coloring OFF on input line 6362.
Package hyperref Info: Link coloring with OCG OFF on input line 6367.
Package hyperref Info: PDF/A mode OFF on input line 6372.
LaTeX Info: Redefining \ref on input line 6412.
LaTeX Info: Redefining \pageref on input line 6416.
\Hy@abspage=\count123


Package hyperref Message: Stopped early.

)

Package hyperref Message: Driver (autodetected): hpdftex.

(/usr/share/texlive/texmf-dist/tex/latex/hyperref/hpdftex.def
File: hpdftex.def 2016/06/24 v6.83q Hyperref driver for pdfTeX
\Fld@listcount=\count124
\c@bookmark@seq@number=\count125

(/usr/share/texlive/texmf-dist/tex/latex/oberdiek/rerunfilecheck.sty
Package: rerunfilecheck 2016/05/16 v1.8 Rerun checks for auxiliary files (HO)
Package uniquecounter Info: New unique counter `rerunfilecheck' on input line 2
82.
))
(/usr/share/texlive/texmf-dist/tex/latex/beamer/beamerbaserequires.sty
Package: beamerbaserequires 2010/05/01  (rcs-revision efa082c6111d)

(/usr/share/texlive/texmf-dist/tex/latex/beamer/beamerbasecompatibility.sty
Package: beamerbasecompatibility 2012/05/01  (rcs-revision 67c48b3b652d)
)
(/usr/share/texlive/texmf-dist/tex/latex/beamer/beamerbasefont.sty
Package: beamerbasefont 2015/01/05  (rcs-revision b4b4bee242e2)

(/usr/share/texlive/texmf-dist/tex/latex/amsfonts/amssymb.sty
Package: amssymb 2013/01/14 v3.01 AMS font symbols

(/usr/share/texlive/texmf-dist/tex/latex/amsfonts/amsfonts.sty
Package: amsfonts 2013/01/14 v3.01 Basic AMSFonts support
\@emptytoks=\toks26
\symAMSa=\mathgroup4
\symAMSb=\mathgroup5
LaTeX Font Info:    Overwriting math alphabet `\mathfrak' in version `bold'
(Font)                  U/euf/m/n --> U/euf/b/n on input line 106.
)))
(/usr/share/texlive/texmf-dist/tex/latex/beamer/beamerbasetranslator.sty
Package: beamerbasetranslator 2010/06/11  (rcs-revision 85fd1cc7fc42)

(/usr/share/texlive/texmf-dist/tex/latex/beamer/translator/translator.sty
Package: translator 2010/06/12 ver 1.10

(/usr/share/texlive/texmf-dist/tex/latex/beamer/translator/translator-language-
mappings.tex)))
(/usr/share/texlive/texmf-dist/tex/latex/beamer/beamerbasemisc.sty
Package: beamerbasemisc 2013/09/03  (rcs-revision a55719c41d85)
)
(/usr/share/texlive/texmf-dist/tex/latex/beamer/beamerbasetwoscreens.sty
Package: beamerbasetwoscreens 2010/05/01  (rcs-revision efa082c6111d)
)
(/usr/share/texlive/texmf-dist/tex/latex/beamer/beamerbaseoverlay.sty
Package: beamerbaseoverlay 2013/12/25  (rcs-revision f6bd5e3805da)
\beamer@argscount=\count126
\beamer@lastskipcover=\skip44
\beamer@trivlistdepth=\count127
)
(/usr/share/texlive/texmf-dist/tex/latex/beamer/beamerbasetitle.sty
Package: beamerbasetitle 2010/09/21  (rcs-revision f0446ed0b6ae)
)
(/usr/share/texlive/texmf-dist/tex/latex/beamer/beamerbasesection.sty
Package: beamerbasesection 2013/06/07  (rcs-revision 60b9fe0f342f)
\c@lecture=\count128
\c@part=\count129
\c@section=\count130
\c@subsection=\count131
\c@subsubsection=\count132
)
(/usr/share/texlive/texmf-dist/tex/latex/beamer/beamerbaseframe.sty
Package: beamerbaseframe 2014/02/20  (rcs-revision 4b8ceeeff434)
\beamer@framebox=\box40
\beamer@frametitlebox=\box41
\beamer@zoombox=\box42
\beamer@zoomcount=\count133
\beamer@zoomframecount=\count134
\beamer@frametextheight=\dimen168
\c@subsectionslide=\count135
\beamer@frametopskip=\skip45
\beamer@framebottomskip=\skip46
\beamer@frametopskipautobreak=\skip47
\beamer@framebottomskipautobreak=\skip48
\beamer@envbody=\toks27
\framewidth=\dimen169
\c@framenumber=\count136
)
(/usr/share/texlive/texmf-dist/tex/latex/beamer/beamerbaseverbatim.sty
Package: beamerbaseverbatim 2015/01/05  (rcs-revision 431510bb5890)
\beamer@verbatimfileout=\write4
)
(/usr/share/texlive/texmf-dist/tex/latex/beamer/beamerbaseframesize.sty
Package: beamerbaseframesize 2011/09/12  (rcs-revision 70f9d8411e54)
\beamer@splitbox=\box43
\beamer@autobreakcount=\count137
\beamer@autobreaklastheight=\dimen170
\beamer@frametitletoks=\toks28
\beamer@framesubtitletoks=\toks29
)
(/usr/share/texlive/texmf-dist/tex/latex/beamer/beamerbaseframecomponents.sty
Package: beamerbaseframecomponents 2013/10/18  (rcs-revision 5cf6c5555a45)
\beamer@footins=\box44
)
(/usr/share/texlive/texmf-dist/tex/latex/beamer/beamerbasecolor.sty
Package: beamerbasecolor 2015/02/21  (rcs-revision d944b04ee2d5)
)
(/usr/share/texlive/texmf-dist/tex/latex/beamer/beamerbasenotes.sty
Package: beamerbasenotes 2012/12/19  (rcs-revision 1686da3db3c9)
\beamer@frameboxcopy=\box45
)
(/usr/share/texlive/texmf-dist/tex/latex/beamer/beamerbasetoc.sty
Package: beamerbasetoc 2015/03/08  (rcs-revision 7270298bbaae)
)
(/usr/share/texlive/texmf-dist/tex/latex/beamer/beamerbasetemplates.sty
Package: beamerbasetemplates 2010/05/01  (rcs-revision efa082c6111d)
\beamer@sbttoks=\toks30

(/usr/share/texlive/texmf-dist/tex/latex/beamer/beamerbaseauxtemplates.sty
Package: beamerbaseauxtemplates 2014/06/30  (rcs-revision 580088513a67)

(/usr/share/texlive/texmf-dist/tex/latex/beamer/beamerbaseboxes.sty
Package: beamerbaseboxes 2012/05/13  (rcs-revision 56972908a390)
\bmb@box=\box46
\bmb@colorbox=\box47
\bmb@boxshadow=\box48
\bmb@boxshadowball=\box49
\bmb@boxshadowballlarge=\box50
\bmb@temp=\dimen171
\bmb@dima=\dimen172
\bmb@dimb=\dimen173
\bmb@prevheight=\dimen174
)
\beamer@blockheadheight=\dimen175
))
(/usr/share/texlive/texmf-dist/tex/latex/beamer/beamerbaselocalstructure.sty
Package: beamerbaselocalstructure 2014/09/10  (rcs-revision 393f6dcff371)

(/usr/share/texlive/texmf-dist/tex/latex/tools/enumerate.sty
Package: enumerate 2015/07/23 v3.00 enumerate extensions (DPC)
\@enLab=\toks31
)
\c@figure=\count138
\c@table=\count139
\abovecaptionskip=\skip49
\belowcaptionskip=\skip50
)
(/usr/share/texlive/texmf-dist/tex/latex/beamer/beamerbasenavigation.sty
Package: beamerbasenavigation 2015/02/27  (rcs-revision 923f4bf87efa)
\beamer@section@min@dim=\dimen176
)
(/usr/share/texlive/texmf-dist/tex/latex/beamer/beamerbasetheorems.sty
Package: beamerbasetheorems 2010/06/06  (rcs-revision 7e7cc5e53e9d)

(/usr/share/texlive/texmf-dist/tex/latex/amsmath/amsmath.sty
Package: amsmath 2016/06/28 v2.15d AMS math features
\@mathmargin=\skip51

For additional information on amsmath, use the `?' option.
(/usr/share/texlive/texmf-dist/tex/latex/amsmath/amstext.sty
Package: amstext 2000/06/29 v2.01 AMS text

(/usr/share/texlive/texmf-dist/tex/latex/amsmath/amsgen.sty
File: amsgen.sty 1999/11/30 v2.0 generic functions
\@emptytoks=\toks32
\ex@=\dimen177
))
(/usr/share/texlive/texmf-dist/tex/latex/amsmath/amsbsy.sty
Package: amsbsy 1999/11/29 v1.2d Bold Symbols
\pmbraise@=\dimen178
)
(/usr/share/texlive/texmf-dist/tex/latex/amsmath/amsopn.sty
Package: amsopn 2016/03/08 v2.02 operator names
)
\inf@bad=\count140
LaTeX Info: Redefining \frac on input line 199.
\uproot@=\count141
\leftroot@=\count142
LaTeX Info: Redefining \overline on input line 297.
\classnum@=\count143
\DOTSCASE@=\count144
LaTeX Info: Redefining \ldots on input line 394.
LaTeX Info: Redefining \dots on input line 397.
LaTeX Info: Redefining \cdots on input line 518.
\Mathstrutbox@=\box51
\strutbox@=\box52
\big@size=\dimen179
LaTeX Font Info:    Redeclaring font encoding OML on input line 634.
LaTeX Font Info:    Redeclaring font encoding OMS on input line 635.
\macc@depth=\count145
\c@MaxMatrixCols=\count146
\dotsspace@=\muskip11
\c@parentequation=\count147
\dspbrk@lvl=\count148
\tag@help=\toks33
\row@=\count149
\column@=\count150
\maxfields@=\count151
\andhelp@=\toks34
\eqnshift@=\dimen180
\alignsep@=\dimen181
\tagshift@=\dimen182
\tagwidth@=\dimen183
\totwidth@=\dimen184
\lineht@=\dimen185
\@envbody=\toks35
\multlinegap=\skip52
\multlinetaggap=\skip53
\mathdisplay@stack=\toks36
LaTeX Info: Redefining \[ on input line 2739.
LaTeX Info: Redefining \] on input line 2740.
)
(/usr/share/texlive/texmf-dist/tex/latex/amscls/amsthm.sty
Package: amsthm 2015/03/04 v2.20.2
\thm@style=\toks37
\thm@bodyfont=\toks38
\thm@headfont=\toks39
\thm@notefont=\toks40
\thm@headpunct=\toks41
\thm@preskip=\skip54
\thm@postskip=\skip55
\thm@headsep=\skip56
\dth@everypar=\toks42
)
\c@theorem=\count152
)
(/usr/share/texlive/texmf-dist/tex/latex/beamer/beamerbasethemes.sty
Package: beamerbasethemes 2010/05/01  (rcs-revision efa082c6111d)
))
(/usr/share/texlive/texmf-dist/tex/latex/beamer/themes/theme/beamerthemedefault
.sty
Package: beamerthemedefault 2010/06/17  (rcs-revision d02a7cf4d8ae)

(/usr/share/texlive/texmf-dist/tex/latex/beamer/themes/font/beamerfontthemedefa
ult.sty
Package: beamerfontthemedefault 2012/12/19  (rcs-revision 1686da3db3c9)
)
(/usr/share/texlive/texmf-dist/tex/latex/beamer/themes/color/beamercolorthemede
fault.sty
Package: beamercolorthemedefault 2012/12/19  (rcs-revision 1686da3db3c9)
)
(/usr/share/texlive/texmf-dist/tex/latex/beamer/themes/inner/beamerinnerthemede
fault.sty
Package: beamerinnerthemedefault 2014/06/30  (rcs-revision 580088513a67)
\beamer@dima=\dimen186
\beamer@dimb=\dimen187
)
(/usr/share/texlive/texmf-dist/tex/latex/beamer/themes/outer/beamerouterthemede
fault.sty
Package: beamerouterthemedefault 2012/12/19  (rcs-revision 1686da3db3c9)
))) (/usr/share/texlive/texmf-dist/tex/latex/base/inputenc.sty
Package: inputenc 2015/03/17 v1.2c Input encoding file
\inpenc@prehook=\toks43
\inpenc@posthook=\toks44

(/usr/share/texlive/texmf-dist/tex/latex/base/utf8.def
File: utf8.def 2016/02/28 v1.1s UTF-8 support for inputenc
Now handling font encoding OML ...
... no UTF-8 mapping file for font encoding OML
Now handling font encoding T1 ...
... processing UTF-8 mapping file for font encoding T1

(/usr/share/texlive/texmf-dist/tex/latex/base/t1enc.dfu
File: t1enc.dfu 2016/02/28 v1.1s UTF-8 support for inputenc
   defining Unicode char U+00A0 (decimal 160)
   defining Unicode char U+00A1 (decimal 161)
   defining Unicode char U+00A3 (decimal 163)
   defining Unicode char U+00AB (decimal 171)
   defining Unicode char U+00AD (decimal 173)
   defining Unicode char U+00BB (decimal 187)
   defining Unicode char U+00BF (decimal 191)
   defining Unicode char U+00C0 (decimal 192)
   defining Unicode char U+00C1 (decimal 193)
   defining Unicode char U+00C2 (decimal 194)
   defining Unicode char U+00C3 (decimal 195)
   defining Unicode char U+00C4 (decimal 196)
   defining Unicode char U+00C5 (decimal 197)
   defining Unicode char U+00C6 (decimal 198)
   defining Unicode char U+00C7 (decimal 199)
   defining Unicode char U+00C8 (decimal 200)
   defining Unicode char U+00C9 (decimal 201)
   defining Unicode char U+00CA (decimal 202)
   defining Unicode char U+00CB (decimal 203)
   defining Unicode char U+00CC (decimal 204)
   defining Unicode char U+00CD (decimal 205)
   defining Unicode char U+00CE (decimal 206)
   defining Unicode char U+00CF (decimal 207)
   defining Unicode char U+00D0 (decimal 208)
   defining Unicode char U+00D1 (decimal 209)
   defining Unicode char U+00D2 (decimal 210)
   defining Unicode char U+00D3 (decimal 211)
   defining Unicode char U+00D4 (decimal 212)
   defining Unicode char U+00D5 (decimal 213)
   defining Unicode char U+00D6 (decimal 214)
   defining Unicode char U+00D8 (decimal 216)
   defining Unicode char U+00D9 (decimal 217)
   defining Unicode char U+00DA (decimal 218)
   defining Unicode char U+00DB (decimal 219)
   defining Unicode char U+00DC (decimal 220)
   defining Unicode char U+00DD (decimal 221)
   defining Unicode char U+00DE (decimal 222)
   defining Unicode char U+00DF (decimal 223)
   defining Unicode char U+00E0 (decimal 224)
   defining Unicode char U+00E1 (decimal 225)
   defining Unicode char U+00E2 (decimal 226)
   defining Unicode char U+00E3 (decimal 227)
   defining Unicode char U+00E4 (decimal 228)
   defining Unicode char U+00E5 (decimal 229)
   defining Unicode char U+00E6 (decimal 230)
   defining Unicode char U+00E7 (decimal 231)
   defining Unicode char U+00E8 (decimal 232)
   defining Unicode char U+00E9 (decimal 233)
   defining Unicode char U+00EA (decimal 234)
   defining Unicode char U+00EB (decimal 235)
   defining Unicode char U+00EC (decimal 236)
   defining Unicode char U+00ED (decimal 237)
   defining Unicode char U+00EE (decimal 238)
   defining Unicode char U+00EF (decimal 239)
   defining Unicode char U+00F0 (decimal 240)
   defining Unicode char U+00F1 (decimal 241)
   defining Unicode char U+00F2 (decimal 242)
   defining Unicode char U+00F3 (decimal 243)
   defining Unicode char U+00F4 (decimal 244)
   defining Unicode char U+00F5 (decimal 245)
   defining Unicode char U+00F6 (decimal 246)
   defining Unicode char U+00F8 (decimal 248)
   defining Unicode char U+00F9 (decimal 249)
   defining Unicode char U+00FA (decimal 250)
   defining Unicode char U+00FB (decimal 251)
   defining Unicode char U+00FC (decimal 252)
   defining Unicode char U+00FD (decimal 253)
   defining Unicode char U+00FE (decimal 254)
   defining Unicode char U+00FF (decimal 255)
   defining Unicode char U+0100 (decimal 256)
   defining Unicode char U+0101 (decimal 257)
   defining Unicode char U+0102 (decimal 258)
   defining Unicode char U+0103 (decimal 259)
   defining Unicode char U+0104 (decimal 260)
   defining Unicode char U+0105 (decimal 261)
   defining Unicode char U+0106 (decimal 262)
   defining Unicode char U+0107 (decimal 263)
   defining Unicode char U+0108 (decimal 264)
   defining Unicode char U+0109 (decimal 265)
   defining Unicode char U+010A (decimal 266)
   defining Unicode char U+010B (decimal 267)
   defining Unicode char U+010C (decimal 268)
   defining Unicode char U+010D (decimal 269)
   defining Unicode char U+010E (decimal 270)
   defining Unicode char U+010F (decimal 271)
   defining Unicode char U+0110 (decimal 272)
   defining Unicode char U+0111 (decimal 273)
   defining Unicode char U+0112 (decimal 274)
   defining Unicode char U+0113 (decimal 275)
   defining Unicode char U+0114 (decimal 276)
   defining Unicode char U+0115 (decimal 277)
   defining Unicode char U+0116 (decimal 278)
   defining Unicode char U+0117 (decimal 279)
   defining Unicode char U+0118 (decimal 280)
   defining Unicode char U+0119 (decimal 281)
   defining Unicode char U+011A (decimal 282)
   defining Unicode char U+011B (decimal 283)
   defining Unicode char U+011C (decimal 284)
   defining Unicode char U+011D (decimal 285)
   defining Unicode char U+011E (decimal 286)
   defining Unicode char U+011F (decimal 287)
   defining Unicode char U+0120 (decimal 288)
   defining Unicode char U+0121 (decimal 289)
   defining Unicode char U+0122 (decimal 290)
   defining Unicode char U+0123 (decimal 291)
   defining Unicode char U+0124 (decimal 292)
   defining Unicode char U+0125 (decimal 293)
   defining Unicode char U+0128 (decimal 296)
   defining Unicode char U+0129 (decimal 297)
   defining Unicode char U+012A (decimal 298)
   defining Unicode char U+012B (decimal 299)
   defining Unicode char U+012C (decimal 300)
   defining Unicode char U+012D (decimal 301)
   defining Unicode char U+012E (decimal 302)
   defining Unicode char U+012F (decimal 303)
   defining Unicode char U+0130 (decimal 304)
   defining Unicode char U+0131 (decimal 305)
   defining Unicode char U+0132 (decimal 306)
   defining Unicode char U+0133 (decimal 307)
   defining Unicode char U+0134 (decimal 308)
   defining Unicode char U+0135 (decimal 309)
   defining Unicode char U+0136 (decimal 310)
   defining Unicode char U+0137 (decimal 311)
   defining Unicode char U+0139 (decimal 313)
   defining Unicode char U+013A (decimal 314)
   defining Unicode char U+013B (decimal 315)
   defining Unicode char U+013C (decimal 316)
   defining Unicode char U+013D (decimal 317)
   defining Unicode char U+013E (decimal 318)
   defining Unicode char U+0141 (decimal 321)
   defining Unicode char U+0142 (decimal 322)
   defining Unicode char U+0143 (decimal 323)
   defining Unicode char U+0144 (decimal 324)
   defining Unicode char U+0145 (decimal 325)
   defining Unicode char U+0146 (decimal 326)
   defining Unicode char U+0147 (decimal 327)
   defining Unicode char U+0148 (decimal 328)
   defining Unicode char U+014A (decimal 330)
   defining Unicode char U+014B (decimal 331)
   defining Unicode char U+014C (decimal 332)
   defining Unicode char U+014D (decimal 333)
   defining Unicode char U+014E (decimal 334)
   defining Unicode char U+014F (decimal 335)
   defining Unicode char U+0150 (decimal 336)
   defining Unicode char U+0151 (decimal 337)
   defining Unicode char U+0152 (decimal 338)
   defining Unicode char U+0153 (decimal 339)
   defining Unicode char U+0154 (decimal 340)
   defining Unicode char U+0155 (decimal 341)
   defining Unicode char U+0156 (decimal 342)
   defining Unicode char U+0157 (decimal 343)
   defining Unicode char U+0158 (decimal 344)
   defining Unicode char U+0159 (decimal 345)
   defining Unicode char U+015A (decimal 346)
   defining Unicode char U+015B (decimal 347)
   defining Unicode char U+015C (decimal 348)
   defining Unicode char U+015D (decimal 349)
   defining Unicode char U+015E (decimal 350)
   defining Unicode char U+015F (decimal 351)
   defining Unicode char U+0160 (decimal 352)
   defining Unicode char U+0161 (decimal 353)
   defining Unicode char U+0162 (decimal 354)
   defining Unicode char U+0163 (decimal 355)
   defining Unicode char U+0164 (decimal 356)
   defining Unicode char U+0165 (decimal 357)
   defining Unicode char U+0168 (decimal 360)
   defining Unicode char U+0169 (decimal 361)
   defining Unicode char U+016A (decimal 362)
   defining Unicode char U+016B (decimal 363)
   defining Unicode char U+016C (decimal 364)
   defining Unicode char U+016D (decimal 365)
   defining Unicode char U+016E (decimal 366)
   defining Unicode char U+016F (decimal 367)
   defining Unicode char U+0170 (decimal 368)
   defining Unicode char U+0171 (decimal 369)
   defining Unicode char U+0172 (decimal 370)
   defining Unicode char U+0173 (decimal 371)
   defining Unicode char U+0174 (decimal 372)
   defining Unicode char U+0175 (decimal 373)
   defining Unicode char U+0176 (decimal 374)
   defining Unicode char U+0177 (decimal 375)
   defining Unicode char U+0178 (decimal 376)
   defining Unicode char U+0179 (decimal 377)
   defining Unicode char U+017A (decimal 378)
   defining Unicode char U+017B (decimal 379)
   defining Unicode char U+017C (decimal 380)
   defining Unicode char U+017D (decimal 381)
   defining Unicode char U+017E (decimal 382)
   defining Unicode char U+01CD (decimal 461)
   defining Unicode char U+01CE (decimal 462)
   defining Unicode char U+01CF (decimal 463)
   defining Unicode char U+01D0 (decimal 464)
   defining Unicode char U+01D1 (decimal 465)
   defining Unicode char U+01D2 (decimal 466)
   defining Unicode char U+01D3 (decimal 467)
   defining Unicode char U+01D4 (decimal 468)
   defining Unicode char U+01E2 (decimal 482)
   defining Unicode char U+01E3 (decimal 483)
   defining Unicode char U+01E6 (decimal 486)
   defining Unicode char U+01E7 (decimal 487)
   defining Unicode char U+01E8 (decimal 488)
   defining Unicode char U+01E9 (decimal 489)
   defining Unicode char U+01EA (decimal 490)
   defining Unicode char U+01EB (decimal 491)
   defining Unicode char U+01F0 (decimal 496)
   defining Unicode char U+01F4 (decimal 500)
   defining Unicode char U+01F5 (decimal 501)
   defining Unicode char U+0218 (decimal 536)
   defining Unicode char U+0219 (decimal 537)
   defining Unicode char U+021A (decimal 538)
   defining Unicode char U+021B (decimal 539)
   defining Unicode char U+1E02 (decimal 7682)
   defining Unicode char U+1E03 (decimal 7683)
   defining Unicode char U+200C (decimal 8204)
   defining Unicode char U+2010 (decimal 8208)
   defining Unicode char U+2011 (decimal 8209)
   defining Unicode char U+2012 (decimal 8210)
   defining Unicode char U+2013 (decimal 8211)
   defining Unicode char U+2014 (decimal 8212)
   defining Unicode char U+2015 (decimal 8213)
   defining Unicode char U+2018 (decimal 8216)
   defining Unicode char U+2019 (decimal 8217)
   defining Unicode char U+201A (decimal 8218)
   defining Unicode char U+201C (decimal 8220)
   defining Unicode char U+201D (decimal 8221)
   defining Unicode char U+201E (decimal 8222)
   defining Unicode char U+2030 (decimal 8240)
   defining Unicode char U+2031 (decimal 8241)
   defining Unicode char U+2039 (decimal 8249)
   defining Unicode char U+203A (decimal 8250)
   defining Unicode char U+2423 (decimal 9251)
)
Now handling font encoding OT1 ...
... processing UTF-8 mapping file for font encoding OT1

(/usr/share/texlive/texmf-dist/tex/latex/base/ot1enc.dfu
File: ot1enc.dfu 2016/02/28 v1.1s UTF-8 support for inputenc
   defining Unicode char U+00A0 (decimal 160)
   defining Unicode char U+00A1 (decimal 161)
   defining Unicode char U+00A3 (decimal 163)
   defining Unicode char U+00AD (decimal 173)
   defining Unicode char U+00B8 (decimal 184)
   defining Unicode char U+00BF (decimal 191)
   defining Unicode char U+00C5 (decimal 197)
   defining Unicode char U+00C6 (decimal 198)
   defining Unicode char U+00D8 (decimal 216)
   defining Unicode char U+00DF (decimal 223)
   defining Unicode char U+00E6 (decimal 230)
   defining Unicode char U+00EC (decimal 236)
   defining Unicode char U+00ED (decimal 237)
   defining Unicode char U+00EE (decimal 238)
   defining Unicode char U+00EF (decimal 239)
   defining Unicode char U+00F8 (decimal 248)
   defining Unicode char U+0131 (decimal 305)
   defining Unicode char U+0141 (decimal 321)
   defining Unicode char U+0142 (decimal 322)
   defining Unicode char U+0152 (decimal 338)
   defining Unicode char U+0153 (decimal 339)
   defining Unicode char U+0174 (decimal 372)
   defining Unicode char U+0175 (decimal 373)
   defining Unicode char U+0176 (decimal 374)
   defining Unicode char U+0177 (decimal 375)
   defining Unicode char U+0218 (decimal 536)
   defining Unicode char U+0219 (decimal 537)
   defining Unicode char U+021A (decimal 538)
   defining Unicode char U+021B (decimal 539)
   defining Unicode char U+2013 (decimal 8211)
   defining Unicode char U+2014 (decimal 8212)
   defining Unicode char U+2018 (decimal 8216)
   defining Unicode char U+2019 (decimal 8217)
   defining Unicode char U+201C (decimal 8220)
   defining Unicode char U+201D (decimal 8221)
)
Now handling font encoding OMS ...
... processing UTF-8 mapping file for font encoding OMS

(/usr/share/texlive/texmf-dist/tex/latex/base/omsenc.dfu
File: omsenc.dfu 2016/02/28 v1.1s UTF-8 support for inputenc
   defining Unicode char U+00A7 (decimal 167)
   defining Unicode char U+00B6 (decimal 182)
   defining Unicode char U+00B7 (decimal 183)
   defining Unicode char U+2020 (decimal 8224)
   defining Unicode char U+2021 (decimal 8225)
   defining Unicode char U+2022 (decimal 8226)
)
Now handling font encoding OMX ...
... no UTF-8 mapping file for font encoding OMX
Now handling font encoding U ...
... no UTF-8 mapping file for font encoding U
Now handling font encoding PD1 ...
... no UTF-8 mapping file for font encoding PD1
   defining Unicode char U+00A9 (decimal 169)
   defining Unicode char U+00AA (decimal 170)
   defining Unicode char U+00AE (decimal 174)
   defining Unicode char U+00BA (decimal 186)
   defining Unicode char U+02C6 (decimal 710)
   defining Unicode char U+02DC (decimal 732)
   defining Unicode char U+200C (decimal 8204)
   defining Unicode char U+2026 (decimal 8230)
   defining Unicode char U+2122 (decimal 8482)
   defining Unicode char U+2423 (decimal 9251)
))
(/usr/share/texlive/texmf-dist/tex/latex/base/fontenc.sty
Package: fontenc 2016/06/19 v1.99m Standard LaTeX package

(/usr/share/texlive/texmf-dist/tex/latex/base/t1enc.def
File: t1enc.def 2016/06/19 v1.99m Standard LaTeX file
LaTeX Font Info:    Redeclaring font encoding T1 on input line 48.
))
(/usr/share/texlive/texmf-dist/tex/generic/babel/babel.sty
Package: babel 2016/04/23 3.9r The Babel package

(/usr/share/texlive/texmf-dist/tex/generic/babel-english/english.ldf
Language: english 2012/08/20 v3.3p English support from the babel system

(/usr/share/texlive/texmf-dist/tex/generic/babel/babel.def
File: babel.def 2016/04/23 3.9r Babel common definitions
\babel@savecnt=\count153
\U@D=\dimen188
LaTeX Info: Redefining \textlatin on input line 1448.
)
\l@british = a dialect from \language\l@english 
\l@UKenglish = a dialect from \language\l@english 
\l@canadian = a dialect from \language\l@american 
\l@australian = a dialect from \language\l@british 
\l@newzealand = a dialect from \language\l@british 
))
(/usr/share/texlive/texmf-dist/tex/latex/setspace/setspace.sty
Package: setspace 2011/12/19 v6.7a set line spacing
)
(/usr/share/texlive/texmf-dist/tex/generic/xypic/xy.sty
(/usr/share/texlive/texmf-dist/tex/generic/xypic/xy.tex Bootstrap'ing:
catcodes, docmode, (/usr/share/texlive/texmf-dist/tex/generic/xypic/xyrecat.tex
) (/usr/share/texlive/texmf-dist/tex/generic/xypic/xyidioms.tex)

 Xy-pic version 3.8.9 <2013/10/06>
 Copyright (c) 1991-2013 by Kristoffer H. Rose <krisrose@tug.org> and others
 Xy-pic is free software: see the User's Guide for details.

Loading kernel: messages; fonts; allocations: state,
\X@c=\dimen189
\Y@c=\dimen190
\U@c=\dimen191
\D@c=\dimen192
\L@c=\dimen193
\R@c=\dimen194
\Edge@c=\toks45
\X@p=\dimen195
\Y@p=\dimen196
\U@p=\dimen197
\D@p=\dimen198
\L@p=\dimen199
\R@p=\dimen256
\Edge@p=\toks46
\X@origin=\dimen257
\Y@origin=\dimen258
\X@xbase=\dimen259
\Y@xbase=\dimen260
\X@ybase=\dimen261
\Y@ybase=\dimen262
\X@min=\dimen263
\Y@min=\dimen264
\X@max=\dimen265
\Y@max=\dimen266
\lastobjectbox@=\box53
\zerodotbox@=\box54
\almostz@=\dimen267
 direction,
\d@X=\dimen268
\d@Y=\dimen269
\K@=\count154
\KK@=\count155
\Direction=\count156
\K@dXdY=\dimen270
\K@dYdX=\dimen271
\xyread@=\read2
\xywrite@=\write5
\csp@=\count157
\quotPTK@=\dimen272

utility macros; pictures: \xy, positions,
\swaptoks@@=\toks47
\connectobjectbox@@=\box55
 objects,
\styletoks@=\toks48
 decorations;
kernel objects: directionals, circles, text; options; algorithms: directions,
edges, connections;  Xy-pic loaded)
Package: xy 2013/10/06 Xy-pic version 3.8.9

(/usr/share/texlive/texmf-dist/tex/generic/xypic/xyall.tex
 Xy-pic option: All features v.3.8
(/usr/share/texlive/texmf-dist/tex/generic/xypic/xycurve.tex
 Xy-pic option: Curve and Spline extension v.3.12 curve,
\crv@cnt@=\count158
\crvpts@=\toks49
\splinebox@=\box56
\splineval@=\dimen273
\splinedepth@=\dimen274
\splinetol@=\dimen275
\splinelength@=\dimen276
 circles,
\L@=\dimen277
 loaded)
(/usr/share/texlive/texmf-dist/tex/generic/xypic/xyframe.tex
 Xy-pic option: Frame and Bracket extension v.3.14 loaded)
(/usr/share/texlive/texmf-dist/tex/generic/xypic/xycmtip.tex
 Xy-pic option: Computer Modern tip extension v.3.7
(/usr/share/texlive/texmf-dist/tex/generic/xypic/xytips.tex
 Xy-pic option: More Tips extension v.3.11 loaded) loaded)
(/usr/share/texlive/texmf-dist/tex/generic/xypic/xyline.tex
 Xy-pic option: Line styles extension v.3.10
\xylinethick@=\dimen278
 loaded)
(/usr/share/texlive/texmf-dist/tex/generic/xypic/xyrotate.tex
 Xy-pic option: Rotate and Scale extension v.3.8 loaded)
(/usr/share/texlive/texmf-dist/tex/generic/xypic/xycolor.tex
 Xy-pic option: Colour extension v.3.11 loaded)
(/usr/share/texlive/texmf-dist/tex/generic/xypic/xymatrix.tex
 Xy-pic option: Matrix feature v.3.14
\Row=\count159
\Col=\count160
\queue@=\toks50
\queue@@=\toks51
\qcount@=\count161
\qcount@@=\count162
\matrixsize@=\count163
 loaded)
(/usr/share/texlive/texmf-dist/tex/generic/xypic/xyarrow.tex
 Xy-pic option: Arrow and Path feature v.3.9 path, \ar, loaded)
(/usr/share/texlive/texmf-dist/tex/generic/xypic/xygraph.tex
 Xy-pic option: Graph feature v.3.11 loaded) loaded)
(/usr/share/texlive/texmf-dist/tex/generic/xypic/xypdf.tex
 Xy-pic option: PDF driver v.1.7 Xy-pic pdf driver: `color' extension support
(/usr/share/texlive/texmf-dist/tex/generic/xypic/xypdf-co.tex loaded)
Xy-pic pdf driver: `curve' extension support
(/usr/share/texlive/texmf-dist/tex/generic/xypic/xypdf-cu.tex loaded)
Xy-pic pdf driver: `frame' extension support
(/usr/share/texlive/texmf-dist/tex/generic/xypic/xypdf-fr.tex loaded)
Xy-pic pdf driver: `line' extension support
(/usr/share/texlive/texmf-dist/tex/generic/xypic/xypdf-li.tex loaded)
Xy-pic pdf driver: `rotate' extension support
(/usr/share/texlive/texmf-dist/tex/generic/xypic/xypdf-ro.tex loaded) loaded))
(/usr/share/texlive/texmf-dist/tex/latex/tools/bm.sty
Package: bm 2016/07/07 v1.2b Bold Symbol Support (DPC/FMi)
\symboldoperators=\mathgroup6
\symboldletters=\mathgroup7
\symboldsymbols=\mathgroup8
LaTeX Font Info:    Redeclaring math alphabet \mathbf on input line 142.
LaTeX Info: Redefining \bm on input line 208.
)
(/usr/share/texlive/texmf-dist/tex/latex/natbib/natbib.sty
Package: natbib 2010/09/13 8.31b (PWD, AO)
\bibhang=\skip57
\bibsep=\skip58
LaTeX Info: Redefining \cite on input line 694.
\c@NAT@ctr=\count164
)
(/usr/share/texlive/texmf-dist/tex/latex/beamertheme-metropolis/beamerthememetr
opolis.sty
Package: beamerthememetropolis 2016/03/14 v1.1 Metropolis Beamer theme
 (/usr/share/texlive/texmf-dist/tex/latex/etoolbox/etoolbox.sty
Package: etoolbox 2015/08/02 v2.2a e-TeX tools for LaTeX (JAW)
\etb@tempcnta=\count165
)
(/usr/share/texlive/texmf-dist/tex/latex/pgfopts/pgfopts.sty
Package: pgfopts 2014/07/10 v2.1a LaTeX package options with pgfkeys

(/usr/share/texlive/texmf-dist/tex/latex/pgf/utilities/pgfkeys.sty
(/usr/share/texlive/texmf-dist/tex/generic/pgf/utilities/pgfkeys.code.tex))
\pgfopts@list@add@a@toks=\toks52
\pgfopts@list@add@b@toks=\toks53
)
(/usr/share/texlive/texmf-dist/tex/latex/beamertheme-metropolis/beamerinnerthem
emetropolis.sty
Package: beamerinnerthememetropolis 2016/03/14 Metropolis inner theme
 (/usr/share/texlive/texmf-dist/tex/latex/tools/calc.sty
Package: calc 2014/10/28 v4.3 Infix arithmetic (KKT,FJ)
\calc@Acount=\count166
\calc@Bcount=\count167
\calc@Adimen=\dimen279
\calc@Bdimen=\dimen280
\calc@Askip=\skip59
\calc@Bskip=\skip60
LaTeX Info: Redefining \setlength on input line 80.
LaTeX Info: Redefining \addtolength on input line 81.
\calc@Ccount=\count168
\calc@Cskip=\skip61
)
(/usr/share/texlive/texmf-dist/tex/latex/pgf/frontendlayer/tikz.sty
(/usr/share/texlive/texmf-dist/tex/latex/pgf/basiclayer/pgf.sty
Package: pgf 2015/08/07 v3.0.1a (rcs-revision 1.15)

(/usr/share/texlive/texmf-dist/tex/generic/pgf/modules/pgfmoduleshapes.code.tex
File: pgfmoduleshapes.code.tex 2014/03/21  (rcs-revision 1.35)
\pgfnodeparttextbox=\box57
) (/usr/share/texlive/texmf-dist/tex/generic/pgf/modules/pgfmoduleplot.code.tex
File: pgfmoduleplot.code.tex 2015/08/03  (rcs-revision 1.13)
)
(/usr/share/texlive/texmf-dist/tex/latex/pgf/compatibility/pgfcomp-version-0-65
.sty
Package: pgfcomp-version-0-65 2007/07/03 v3.0.1a (rcs-revision 1.7)
\pgf@nodesepstart=\dimen281
\pgf@nodesepend=\dimen282
)
(/usr/share/texlive/texmf-dist/tex/latex/pgf/compatibility/pgfcomp-version-1-18
.sty
Package: pgfcomp-version-1-18 2007/07/23 v3.0.1a (rcs-revision 1.1)
)) (/usr/share/texlive/texmf-dist/tex/latex/pgf/utilities/pgffor.sty
(/usr/share/texlive/texmf-dist/tex/latex/pgf/math/pgfmath.sty
(/usr/share/texlive/texmf-dist/tex/generic/pgf/math/pgfmath.code.tex))
(/usr/share/texlive/texmf-dist/tex/generic/pgf/utilities/pgffor.code.tex
Package: pgffor 2013/12/13 v3.0.1a (rcs-revision 1.25)

(/usr/share/texlive/texmf-dist/tex/generic/pgf/math/pgfmath.code.tex)
\pgffor@iter=\dimen283
\pgffor@skip=\dimen284
\pgffor@stack=\toks54
\pgffor@toks=\toks55
))
(/usr/share/texlive/texmf-dist/tex/generic/pgf/frontendlayer/tikz/tikz.code.tex
Package: tikz 2015/08/07 v3.0.1a (rcs-revision 1.151)

(/usr/share/texlive/texmf-dist/tex/generic/pgf/libraries/pgflibraryplothandlers
.code.tex
File: pgflibraryplothandlers.code.tex 2013/08/31 v3.0.1a (rcs-revision 1.20)
\pgf@plot@mark@count=\count169
\pgfplotmarksize=\dimen285
)
\tikz@lastx=\dimen286
\tikz@lasty=\dimen287
\tikz@lastxsaved=\dimen288
\tikz@lastysaved=\dimen289
\tikzleveldistance=\dimen290
\tikzsiblingdistance=\dimen291
\tikz@figbox=\box58
\tikz@figbox@bg=\box59
\tikz@tempbox=\box60
\tikz@tempbox@bg=\box61
\tikztreelevel=\count170
\tikznumberofchildren=\count171
\tikznumberofcurrentchild=\count172
\tikz@fig@count=\count173

(/usr/share/texlive/texmf-dist/tex/generic/pgf/modules/pgfmodulematrix.code.tex
File: pgfmodulematrix.code.tex 2013/09/17  (rcs-revision 1.8)
\pgfmatrixcurrentrow=\count174
\pgfmatrixcurrentcolumn=\count175
\pgf@matrix@numberofcolumns=\count176
)
\tikz@expandcount=\count177

(/usr/share/texlive/texmf-dist/tex/generic/pgf/frontendlayer/tikz/libraries/tik
zlibrarytopaths.code.tex
File: tikzlibrarytopaths.code.tex 2008/06/17 v3.0.1a (rcs-revision 1.2)
)))
\metropolis@progressonsectionpage=\skip62
\metropolis@blocksep=\skip63
\metropolis@blockadjust=\skip64
\metropolis@parskip=\skip65
)
(/usr/share/texlive/texmf-dist/tex/latex/beamertheme-metropolis/beamerouterthem
emetropolis.sty
Package: beamerouterthememetropolis 2016/03/14 Metropolis outer theme
\metropolis@frametitle@padding=\skip66
\metropolis@progressinheadfoot=\skip67
)
(/usr/share/texlive/texmf-dist/tex/latex/beamertheme-metropolis/beamercolorthem
emetropolis.sty
Package: beamercolorthememetropolis 2016/03/14 Metropolis color theme
)
(/usr/share/texlive/texmf-dist/tex/latex/beamertheme-metropolis/beamerfonttheme
metropolis.sty
Package: beamerfontthememetropolis 2016/03/14 Metropolis font theme


Package beamerthememetropolis Warning: You need to compile with XeLaTeX or LuaL
aTeX to use the Fira fonts on input line 91.

))

Package hyperref Warning: Token not allowed in a PDF string (PDFDocEncoding):
(hyperref)                removing `\new@ifnextchar' on input line 96.


Package hyperref Warning: Token not allowed in a PDF string (PDFDocEncoding):
(hyperref)                removing `\textwidth' on input line 96.

(./RKI_TJ_1.1.aux)
\openout1 = `RKI_TJ_1.1.aux'.

LaTeX Font Info:    Checking defaults for OML/cmm/m/it on input line 96.
LaTeX Font Info:    ... okay on input line 96.
LaTeX Font Info:    Checking defaults for T1/cmr/m/n on input line 96.
LaTeX Font Info:    ... okay on input line 96.
LaTeX Font Info:    Checking defaults for OT1/cmr/m/n on input line 96.
LaTeX Font Info:    ... okay on input line 96.
LaTeX Font Info:    Checking defaults for OMS/cmsy/m/n on input line 96.
LaTeX Font Info:    ... okay on input line 96.
LaTeX Font Info:    Checking defaults for OMX/cmex/m/n on input line 96.
LaTeX Font Info:    ... okay on input line 96.
LaTeX Font Info:    Checking defaults for U/cmr/m/n on input line 96.
LaTeX Font Info:    ... okay on input line 96.
LaTeX Font Info:    Checking defaults for PD1/pdf/m/n on input line 96.
LaTeX Font Info:    ... okay on input line 96.

*geometry* driver: auto-detecting
*geometry* detected driver: pdftex
*geometry* verbose mode - [ preamble ] result:
* driver: pdftex
* paper: custom
* layout: <same size as paper>
* layoutoffset:(h,v)=(0.0pt,0.0pt)
* modes: includehead includefoot 
* h-part:(L,W,R)=(28.45274pt, 307.28987pt, 28.45274pt)
* v-part:(T,H,B)=(0.0pt, 273.14662pt, 0.0pt)
* \paperwidth=364.19536pt
* \paperheight=273.14662pt
* \textwidth=307.28987pt
* \textheight=244.6939pt
* \oddsidemargin=-43.81725pt
* \evensidemargin=-43.81725pt
* \topmargin=-72.26999pt
* \headheight=14.22636pt
* \headsep=0.0pt
* \topskip=11.0pt
* \footskip=14.22636pt
* \marginparwidth=4.0pt
* \marginparsep=10.0pt
* \columnsep=10.0pt
* \skip\footins=10.0pt plus 4.0pt minus 2.0pt
* \hoffset=0.0pt
* \voffset=0.0pt
* \mag=1000
* \@twocolumnfalse
* \@twosidefalse
* \@mparswitchfalse
* \@reversemarginfalse
* (1in=72.27pt=25.4mm, 1cm=28.453pt)

(/usr/share/texlive/texmf-dist/tex/context/base/mkii/supp-pdf.mkii
[Loading MPS to PDF converter (version 2006.09.02).]
\scratchcounter=\count178
\scratchdimen=\dimen292
\scratchbox=\box62
\nofMPsegments=\count179
\nofMParguments=\count180
\everyMPshowfont=\toks56
\MPscratchCnt=\count181
\MPscratchDim=\dimen293
\MPnumerator=\count182
\makeMPintoPDFobject=\count183
\everyMPtoPDFconversion=\toks57
) (/usr/share/texlive/texmf-dist/tex/latex/oberdiek/epstopdf-base.sty
Package: epstopdf-base 2016/05/15 v2.6 Base part for package epstopdf

(/usr/share/texlive/texmf-dist/tex/latex/oberdiek/grfext.sty
Package: grfext 2016/05/16 v1.2 Manage graphics extensions (HO)
)
Package epstopdf-base Info: Redefining graphics rule for `.eps' on input line 4
38.
Package grfext Info: Graphics extension search list:
(grfext)             [.png,.pdf,.jpg,.mps,.jpeg,.jbig2,.jb2,.PNG,.PDF,.JPG,.JPE
G,.JBIG2,.JB2,.eps]
(grfext)             \AppendGraphicsExtensions on input line 456.

(/usr/share/texlive/texmf-dist/tex/latex/latexconfig/epstopdf-sys.cfg
File: epstopdf-sys.cfg 2010/07/13 v1.3 Configuration of (r)epstopdf for TeX Liv
e
))
ABD: EveryShipout initializing macros
\AtBeginShipoutBox=\box63
Package hyperref Info: Link coloring OFF on input line 96.

(/usr/share/texlive/texmf-dist/tex/latex/hyperref/nameref.sty
Package: nameref 2016/05/21 v2.44 Cross-referencing by name of section

(/usr/share/texlive/texmf-dist/tex/generic/oberdiek/gettitlestring.sty
Package: gettitlestring 2016/05/16 v1.5 Cleanup title references (HO)
)
\c@section@level=\count184
)
LaTeX Info: Redefining \ref on input line 96.
LaTeX Info: Redefining \pageref on input line 96.
LaTeX Info: Redefining \nameref on input line 96.

(./RKI_TJ_1.1.out) (./RKI_TJ_1.1.out)
\@outlinefile=\write6
\openout6 = `RKI_TJ_1.1.out'.


(/usr/share/texlive/texmf-dist/tex/latex/beamer/translator/dicts/translator-bas
ic-dictionary/translator-basic-dictionary-English.dict
Dictionary: translator-basic-dictionary, Language: English 
)
(/usr/share/texlive/texmf-dist/tex/latex/beamer/translator/dicts/translator-bib
liography-dictionary/translator-bibliography-dictionary-English.dict
Dictionary: translator-bibliography-dictionary, Language: English 
)
(/usr/share/texlive/texmf-dist/tex/latex/beamer/translator/dicts/translator-env
ironment-dictionary/translator-environment-dictionary-English.dict
Dictionary: translator-environment-dictionary, Language: English 
)
(/usr/share/texlive/texmf-dist/tex/latex/beamer/translator/dicts/translator-mon
ths-dictionary/translator-months-dictionary-English.dict
Dictionary: translator-months-dictionary, Language: English 
)
(/usr/share/texlive/texmf-dist/tex/latex/beamer/translator/dicts/translator-num
bers-dictionary/translator-numbers-dictionary-English.dict
Dictionary: translator-numbers-dictionary, Language: English 
)
(/usr/share/texlive/texmf-dist/tex/latex/beamer/translator/dicts/translator-the
orem-dictionary/translator-theorem-dictionary-English.dict
Dictionary: translator-theorem-dictionary, Language: English 
)
LaTeX Info: Redefining \includegraphics on input line 96.
LaTeX Font Info:    Try loading font information for U+msa on input line 96.

(/usr/share/texlive/texmf-dist/tex/latex/amsfonts/umsa.fd
File: umsa.fd 2013/01/14 v3.01 AMS symbols A
)
LaTeX Font Info:    Try loading font information for U+msb on input line 96.

(/usr/share/texlive/texmf-dist/tex/latex/amsfonts/umsb.fd
File: umsb.fd 2013/01/14 v3.01 AMS symbols B
)
Package xypdf Info: Line width: 0.43799pt on input line 96.
 (./RKI_TJ_1.1.nav)
\openout4 = `RKI_TJ_1.1.vrb'.


(./RKI_TJ_1.1.vrb <figs/recon-logo.png, id=21, 224.67357pt x 61.03632pt>
File: figs/recon-logo.png Graphic file (type png)

<use figs/recon-logo.png>
Package pdftex.def Info: figs/recon-logo.png used on input line 5.
(pdftex.def)             Requested size: 122.91406pt x 33.39125pt.
)
Overfull \hbox (0.4pt too wide) in paragraph at lines 110--110
[][]  
 []


Overfull \vbox (69.27252pt too high) detected at line 110
 []

<background.png, id=23, 393.1488pt x 359.4228pt>
File: background.png Graphic file (type png)
 <use background.png>
Package pdftex.def Info: background.png used on input line 110.
(pdftex.def)             Requested size: 399.47777pt x 365.22983pt.


LaTeX Font Warning: Font shape `T1/cmss/m/n' in size <4> not available
(Font)              size <5> substituted on input line 110.

[1

{/var/lib/texmf/fonts/map/pdftex/updmap/pdftex.map} <./background.png> <./figs/
recon-logo.png>]
\openout4 = `RKI_TJ_1.1.vrb'.

 (./RKI_TJ_1.1.vrb
<figs/topics1.png, id=35, 844.65562pt x 597.13087pt>
File: figs/topics1.png Graphic file (type png)
 <use figs/topics1.png>
Package pdftex.def Info: figs/topics1.png used on input line 6.
(pdftex.def)             Requested size: 276.559pt x 195.51395pt.
)
Overfull \hbox (0.4pt too wide) in paragraph at lines 146--146
[][]  
 []

File: background.png Graphic file (type png)
<use background.png>
Package pdftex.def Info: background.png used on input line 146.
(pdftex.def)             Requested size: 399.47777pt x 365.22983pt.
 [2

 <./figs/topics1.png>] (./RKI_TJ_1.1.vrb
<figs/topics2.png, id=43, 844.65562pt x 597.13087pt>
File: figs/topics2.png Graphic file (type png)
 <use figs/topics2.png>
Package pdftex.def Info: figs/topics2.png used on input line 6.
(pdftex.def)             Requested size: 276.559pt x 195.51395pt.
)
Overfull \hbox (0.4pt too wide) in paragraph at lines 146--146
[][]  
 []

File: background.png Graphic file (type png)
<use background.png>
Package pdftex.def Info: background.png used on input line 146.
(pdftex.def)             Requested size: 399.47777pt x 365.22983pt.
 [3

 <./figs/topics2.png>] (./RKI_TJ_1.1.vrb
<figs/topics3.png, id=50, 844.65562pt x 597.13087pt>
File: figs/topics3.png Graphic file (type png)
 <use figs/topics3.png>
Package pdftex.def Info: figs/topics3.png used on input line 6.
(pdftex.def)             Requested size: 276.559pt x 195.51395pt.
)
Overfull \hbox (0.4pt too wide) in paragraph at lines 146--146
[][]  
 []

File: background.png Graphic file (type png)
<use background.png>
Package pdftex.def Info: background.png used on input line 146.
(pdftex.def)             Requested size: 399.47777pt x 365.22983pt.
 [4

 <./figs/topics3.png>]
File: background.png Graphic file (type png)
 <use background.png>
Package pdftex.def Info: background.png used on input line 158.
(pdftex.def)             Requested size: 399.47777pt x 365.22983pt.
 [5

]
\openout4 = `RKI_TJ_1.1.vrb'.


(./RKI_TJ_1.1.vrb <figs/motivation1.png, id=64, 844.8363pt x 597.6729pt>
File: figs/motivation1.png Graphic file (type png)

<use figs/motivation1.png>
Package pdftex.def Info: figs/motivation1.png used on input line 6.
(pdftex.def)             Requested size: 276.559pt x 195.64583pt.
)
Overfull \hbox (0.4pt too wide) in paragraph at lines 181--181
[][]  
 []


Overfull \vbox (7.06345pt too high) detected at line 181
 []

File: background.png Graphic file (type png)
<use background.png>
Package pdftex.def Info: background.png used on input line 181.
(pdftex.def)             Requested size: 399.47777pt x 365.22983pt.
 [6

 <./figs/motivation1.png>] (./RKI_TJ_1.1.vrb
<figs/motivation2.png, id=72, 844.8363pt x 597.6729pt>
File: figs/motivation2.png Graphic file (type png)

<use figs/motivation2.png>
Package pdftex.def Info: figs/motivation2.png used on input line 6.
(pdftex.def)             Requested size: 276.559pt x 195.64583pt.
)
Overfull \hbox (0.4pt too wide) in paragraph at lines 181--181
[][]  
 []


Overfull \vbox (7.06345pt too high) detected at line 181
 []

File: background.png Graphic file (type png)
<use background.png>
Package pdftex.def Info: background.png used on input line 181.
(pdftex.def)             Requested size: 399.47777pt x 365.22983pt.
 [7

 <./figs/motivation2.png>] (./RKI_TJ_1.1.vrb
<figs/motivation3.png, id=80, 844.8363pt x 597.6729pt>
File: figs/motivation3.png Graphic file (type png)

<use figs/motivation3.png>
Package pdftex.def Info: figs/motivation3.png used on input line 6.
(pdftex.def)             Requested size: 276.559pt x 195.64583pt.
)
Overfull \hbox (0.4pt too wide) in paragraph at lines 181--181
[][]  
 []


Overfull \vbox (7.06345pt too high) detected at line 181
 []

File: background.png Graphic file (type png)
<use background.png>
Package pdftex.def Info: background.png used on input line 181.
(pdftex.def)             Requested size: 399.47777pt x 365.22983pt.
 [8

 <./figs/motivation3.png>] (./RKI_TJ_1.1.vrb
File: figs/motivation3.png Graphic file (type png)

<use figs/motivation3.png>
Package pdftex.def Info: figs/motivation3.png used on input line 6.
(pdftex.def)             Requested size: 276.559pt x 195.64583pt.
)
Overfull \hbox (0.4pt too wide) in paragraph at lines 181--181
[][]  
 []


Overfull \vbox (7.06345pt too high) detected at line 181
 []

File: background.png Graphic file (type png)
<use background.png>
Package pdftex.def Info: background.png used on input line 181.
(pdftex.def)             Requested size: 399.47777pt x 365.22983pt.
 [9

]
\openout4 = `RKI_TJ_1.1.vrb'.

 (./RKI_TJ_1.1.vrb
<figs/worlds1.png, id=92, 844.8363pt x 597.6729pt>
File: figs/worlds1.png Graphic file (type png)
 <use figs/worlds1.png>
Package pdftex.def Info: figs/worlds1.png used on input line 6.
(pdftex.def)             Requested size: 245.83282pt x 173.91348pt.
)
Overfull \hbox (0.4pt too wide) in paragraph at lines 203--203
[][]  
 []

File: background.png Graphic file (type png)
<use background.png>
Package pdftex.def Info: background.png used on input line 203.
(pdftex.def)             Requested size: 399.47777pt x 365.22983pt.
 [10

 <./figs/worlds1.png>] (./RKI_TJ_1.1.vrb
<figs/worlds2.png, id=99, 844.8363pt x 597.6729pt>
File: figs/worlds2.png Graphic file (type png)
 <use figs/worlds2.png>
Package pdftex.def Info: figs/worlds2.png used on input line 6.
(pdftex.def)             Requested size: 245.83282pt x 173.91348pt.
)
Overfull \hbox (0.4pt too wide) in paragraph at lines 203--203
[][]  
 []

File: background.png Graphic file (type png)
<use background.png>
Package pdftex.def Info: background.png used on input line 203.
(pdftex.def)             Requested size: 399.47777pt x 365.22983pt.
 [11

 <./figs/worlds2.png>] (./RKI_TJ_1.1.vrb
<figs/worlds3.png, id=106, 844.8363pt x 597.6729pt>
File: figs/worlds3.png Graphic file (type png)
 <use figs/worlds3.png>
Package pdftex.def Info: figs/worlds3.png used on input line 6.
(pdftex.def)             Requested size: 245.83282pt x 173.91348pt.
)
Overfull \hbox (0.4pt too wide) in paragraph at lines 203--203
[][]  
 []

File: background.png Graphic file (type png)
<use background.png>
Package pdftex.def Info: background.png used on input line 203.
(pdftex.def)             Requested size: 399.47777pt x 365.22983pt.
 [12

 <./figs/worlds3.png>] (./RKI_TJ_1.1.vrb
<figs/worlds4.png, id=113, 844.8363pt x 597.6729pt>
File: figs/worlds4.png Graphic file (type png)
 <use figs/worlds4.png>
Package pdftex.def Info: figs/worlds4.png used on input line 6.
(pdftex.def)             Requested size: 245.83282pt x 173.91348pt.
)
Overfull \hbox (0.4pt too wide) in paragraph at lines 203--203
[][]  
 []

File: background.png Graphic file (type png)
<use background.png>
Package pdftex.def Info: background.png used on input line 203.
(pdftex.def)             Requested size: 399.47777pt x 365.22983pt.
 [13

 <./figs/worlds4.png>]
\openout4 = `RKI_TJ_1.1.vrb'.

 (./RKI_TJ_1.1.vrb
<figs/reconbirth1.png, id=121, 844.65562pt x 597.13087pt>
File: figs/reconbirth1.png Graphic file (type png)

<use figs/reconbirth1.png>
Package pdftex.def Info: figs/reconbirth1.png used on input line 5.
(pdftex.def)             Requested size: 307.28987pt x 217.24481pt.
)
Overfull \hbox (0.4pt too wide) in paragraph at lines 223--223
[][]  
 []


Overfull \vbox (9.73079pt too high) detected at line 223
 []

File: background.png Graphic file (type png)
<use background.png>
Package pdftex.def Info: background.png used on input line 223.
(pdftex.def)             Requested size: 399.47777pt x 365.22983pt.
 [14

 <./figs/reconbirth1.png>] (./RKI_TJ_1.1.vrb
<figs/reconbirth2.png, id=128, 844.65562pt x 597.13087pt>
File: figs/reconbirth2.png Graphic file (type png)

<use figs/reconbirth2.png>
Package pdftex.def Info: figs/reconbirth2.png used on input line 5.
(pdftex.def)             Requested size: 307.28987pt x 217.24481pt.
)
Overfull \hbox (0.4pt too wide) in paragraph at lines 223--223
[][]  
 []


Overfull \vbox (9.73079pt too high) detected at line 223
 []

File: background.png Graphic file (type png)
<use background.png>
Package pdftex.def Info: background.png used on input line 223.
(pdftex.def)             Requested size: 399.47777pt x 365.22983pt.
 [15

 <./figs/reconbirth2.png>] (./RKI_TJ_1.1.vrb
<figs/reconbirth3.png, id=135, 844.65562pt x 597.13087pt>
File: figs/reconbirth3.png Graphic file (type png)

<use figs/reconbirth3.png>
Package pdftex.def Info: figs/reconbirth3.png used on input line 5.
(pdftex.def)             Requested size: 307.28987pt x 217.24481pt.
)
Overfull \hbox (0.4pt too wide) in paragraph at lines 223--223
[][]  
 []


Overfull \vbox (9.73079pt too high) detected at line 223
 []

File: background.png Graphic file (type png)
<use background.png>
Package pdftex.def Info: background.png used on input line 223.
(pdftex.def)             Requested size: 399.47777pt x 365.22983pt.
 [16

 <./figs/reconbirth3.png>] (./RKI_TJ_1.1.vrb
<figs/reconbirth4.png, id=142, 844.65562pt x 597.13087pt>
File: figs/reconbirth4.png Graphic file (type png)

<use figs/reconbirth4.png>
Package pdftex.def Info: figs/reconbirth4.png used on input line 5.
(pdftex.def)             Requested size: 307.28987pt x 217.24481pt.
)
Overfull \hbox (0.4pt too wide) in paragraph at lines 223--223
[][]  
 []


Overfull \vbox (9.73079pt too high) detected at line 223
 []

File: background.png Graphic file (type png)
<use background.png>
Package pdftex.def Info: background.png used on input line 223.
(pdftex.def)             Requested size: 399.47777pt x 365.22983pt.
 [17

 <./figs/reconbirth4.png>]
\openout4 = `RKI_TJ_1.1.vrb'.

 (./RKI_TJ_1.1.vrb
<figs/Rlogo-transp.png, id=149, 24.17056pt x 18.36963pt>
File: figs/Rlogo-transp.png Graphic file (type png)

<use figs/Rlogo-transp.png>
Package pdftex.def Info: figs/Rlogo-transp.png used on input line 4.
(pdftex.def)             Requested size: 15.36542pt x 11.67773pt.

<figs/usnotus1.png, id=150, 844.65562pt x 597.13087pt>
File: figs/usnotus1.png Graphic file (type png)
 <use figs/usnotus1.png>
Package pdftex.def Info: figs/usnotus1.png used on input line 9.
(pdftex.def)             Requested size: 338.02072pt x 238.96657pt.

Overfull \hbox (30.73085pt too wide) in paragraph at lines 9--10
 [] 
 []

LaTeX Font Info:    Try loading font information for T1+cmtt on input line 12.
(/usr/share/texlive/texmf-dist/tex/latex/base/t1cmtt.fd
File: t1cmtt.fd 2014/09/29 v2.5h Standard LaTeX font definitions
))
Overfull \hbox (0.4pt too wide) in paragraph at lines 250--250
[][]  
 []


Overfull \vbox (78.94843pt too high) detected at line 250
 []

File: background.png Graphic file (type png)
<use background.png>
Package pdftex.def Info: background.png used on input line 250.
(pdftex.def)             Requested size: 399.47777pt x 365.22983pt.
 [18

 <./figs/Rlogo-transp.png> <./figs/usnotus1.png>]
(./RKI_TJ_1.1.vrb
File: figs/Rlogo-transp.png Graphic file (type png)
 <use figs/Rlogo-transp.png>
Package pdftex.def Info: figs/Rlogo-transp.png used on input line 4.
(pdftex.def)             Requested size: 15.36542pt x 11.67773pt.

<figs/usnotus2.png, id=160, 844.65562pt x 597.13087pt>
File: figs/usnotus2.png Graphic file (type png)
 <use figs/usnotus2.png>
Package pdftex.def Info: figs/usnotus2.png used on input line 9.
(pdftex.def)             Requested size: 338.02072pt x 238.96657pt.

Overfull \hbox (30.73085pt too wide) in paragraph at lines 9--10
 [] 
 []

)
Overfull \hbox (0.4pt too wide) in paragraph at lines 250--250
[][]  
 []


Overfull \vbox (78.94843pt too high) detected at line 250
 []

File: background.png Graphic file (type png)
<use background.png>
Package pdftex.def Info: background.png used on input line 250.
(pdftex.def)             Requested size: 399.47777pt x 365.22983pt.
 [19

 <./figs/usnotus2.png>] (./RKI_TJ_1.1.vrb
File: figs/Rlogo-transp.png Graphic file (type png)

<use figs/Rlogo-transp.png>
Package pdftex.def Info: figs/Rlogo-transp.png used on input line 4.
(pdftex.def)             Requested size: 15.36542pt x 11.67773pt.

<figs/usnotus3.png, id=169, 844.65562pt x 597.13087pt>
File: figs/usnotus3.png Graphic file (type png)
 <use figs/usnotus3.png>
Package pdftex.def Info: figs/usnotus3.png used on input line 9.
(pdftex.def)             Requested size: 338.02072pt x 238.96657pt.

Overfull \hbox (30.73085pt too wide) in paragraph at lines 9--10
 [] 
 []

)
Overfull \hbox (0.4pt too wide) in paragraph at lines 250--250
[][]  
 []


Overfull \vbox (78.94843pt too high) detected at line 250
 []

File: background.png Graphic file (type png)
<use background.png>
Package pdftex.def Info: background.png used on input line 250.
(pdftex.def)             Requested size: 399.47777pt x 365.22983pt.
 [20

 <./figs/usnotus3.png>]
\openout4 = `RKI_TJ_1.1.vrb'.

 (./RKI_TJ_1.1.vrb
File: figs/recon-logo.png Graphic file (type png)

<use figs/recon-logo.png>
Package pdftex.def Info: figs/recon-logo.png used on input line 3.
(pdftex.def)             Requested size: 153.64493pt x 41.73976pt.
LaTeX Font Info:    Try loading font information for OMS+cmss on input line 9.
LaTeX Font Info:    No file OMScmss.fd. on input line 9.


LaTeX Font Warning: Font shape `OMS/cmss/m/n' undefined
(Font)              using `OMS/cmsy/m/n' instead
(Font)              for symbol `textbullet' on input line 9.

)
Overfull \hbox (0.4pt too wide) in paragraph at lines 285--285
[][]  
 []

File: background.png Graphic file (type png)
<use background.png>
Package pdftex.def Info: background.png used on input line 285.
(pdftex.def)             Requested size: 399.47777pt x 365.22983pt.
 [21

]
\openout4 = `RKI_TJ_1.1.vrb'.

 (./RKI_TJ_1.1.vrb
<figs/strongandstable.png, id=187, 242.8272pt x 182.1204pt>
File: figs/strongandstable.png Graphic file (type png)

<use figs/strongandstable.png>
Package pdftex.def Info: figs/strongandstable.png used on input line 7.
(pdftex.def)             Requested size: 73.74825pt x 55.31181pt.

Overfull \hbox (12.29121pt too wide) in paragraph at lines 5--9
[]  
 []

)
Overfull \hbox (0.4pt too wide) in paragraph at lines 361--361
[][]  
 []


Overfull \vbox (8.79953pt too high) detected at line 361
 []

File: background.png Graphic file (type png)
<use background.png>
Package pdftex.def Info: background.png used on input line 361.
(pdftex.def)             Requested size: 399.47777pt x 365.22983pt.
 [22

 <./figs/strongandstable.png>] (./RKI_TJ_1.1.vrb
<figs/buddha.jpg, id=196, 566.86781pt x 593.96906pt>
File: figs/buddha.jpg Graphic file (type jpg)
 <use figs/buddha.jpg>
Package pdftex.def Info: figs/buddha.jpg used on input line 8.
(pdftex.def)             Requested size: 73.74825pt x 77.27306pt.

Overfull \hbox (12.29121pt too wide) in paragraph at lines 5--8
[]  
 []

)
Overfull \hbox (0.4pt too wide) in paragraph at lines 361--361
[][]  
 []


Overfull \vbox (8.79953pt too high) detected at line 361
 []

File: background.png Graphic file (type png)
<use background.png>
Package pdftex.def Info: background.png used on input line 361.
(pdftex.def)             Requested size: 399.47777pt x 365.22983pt.
 [23

 <./figs/buddha.jpg>] (./RKI_TJ_1.1.vrb
File: figs/buddha.jpg Graphic file (type jpg)

<use figs/buddha.jpg>
Package pdftex.def Info: figs/buddha.jpg used on input line 8.
(pdftex.def)             Requested size: 73.74825pt x 77.27306pt.

Overfull \hbox (12.29121pt too wide) in paragraph at lines 5--8
[]  
 []

)
Overfull \hbox (0.4pt too wide) in paragraph at lines 361--361
[][]  
 []


Overfull \vbox (8.79953pt too high) detected at line 361
 []

File: background.png Graphic file (type png)
<use background.png>
Package pdftex.def Info: background.png used on input line 361.
(pdftex.def)             Requested size: 399.47777pt x 365.22983pt.
 [24

]
\openout4 = `RKI_TJ_1.1.vrb'.

 (./RKI_TJ_1.1.vrb
<figs/projectvimes.png, id=208, 1053.1847pt x 776.14969pt>
File: figs/projectvimes.png Graphic file (type png)

<use figs/projectvimes.png>
Package pdftex.def Info: figs/projectvimes.png used on input line 4.
(pdftex.def)             Requested size: 307.28987pt x 226.46329pt.
)
Overfull \hbox (0.4pt too wide) in paragraph at lines 379--379
[][]  
 []


Overfull \vbox (27.48517pt too high) detected at line 379
 []

File: background.png Graphic file (type png)
<use background.png>
Package pdftex.def Info: background.png used on input line 379.
(pdftex.def)             Requested size: 399.47777pt x 365.22983pt.
 [25

 <./figs/projectvimes.png>]
File: background.png Graphic file (type png)
 <use background.png>
Package pdftex.def Info: background.png used on input line 393.
(pdftex.def)             Requested size: 399.47777pt x 365.22983pt.

[26

]
\openout4 = `RKI_TJ_1.1.vrb'.

 (./RKI_TJ_1.1.vrb <figs/pratchett.png, id=223, 312.9291pt x 598.3956pt>
File: figs/pratchett.png Graphic file (type png)

<use figs/pratchett.png>
Package pdftex.def Info: figs/pratchett.png used on input line 13.
(pdftex.def)             Requested size: 73.74825pt x 141.02473pt.

Overfull \hbox (12.29121pt too wide) in paragraph at lines 11--14
[][]  
 []

)
Overfull \hbox (0.4pt too wide) in paragraph at lines 433--433
[][]  
 []

File: background.png Graphic file (type png)
<use background.png>
Package pdftex.def Info: background.png used on input line 433.
(pdftex.def)             Requested size: 399.47777pt x 365.22983pt.
 [27

 <./figs/pratchett.png>] (./RKI_TJ_1.1.vrb
File: figs/pratchett.png Graphic file (type png)

<use figs/pratchett.png>
Package pdftex.def Info: figs/pratchett.png used on input line 13.
(pdftex.def)             Requested size: 73.74825pt x 141.02473pt.

Overfull \hbox (12.29121pt too wide) in paragraph at lines 11--14
[][]  
 []

)
Overfull \hbox (0.4pt too wide) in paragraph at lines 433--433
[][]  
 []

File: background.png Graphic file (type png)
<use background.png>
Package pdftex.def Info: background.png used on input line 433.
(pdftex.def)             Requested size: 399.47777pt x 365.22983pt.
 [28

] (./RKI_TJ_1.1.vrb
File: figs/pratchett.png Graphic file (type png)
 <use figs/pratchett.png>
Package pdftex.def Info: figs/pratchett.png used on input line 13.
(pdftex.def)             Requested size: 73.74825pt x 141.02473pt.

Overfull \hbox (12.29121pt too wide) in paragraph at lines 11--14
[][]  
 []

)
Overfull \hbox (0.4pt too wide) in paragraph at lines 433--433
[][]  
 []

File: background.png Graphic file (type png)
<use background.png>
Package pdftex.def Info: background.png used on input line 433.
(pdftex.def)             Requested size: 399.47777pt x 365.22983pt.
 [29

]
\openout4 = `RKI_TJ_1.1.vrb'.

 (./RKI_TJ_1.1.vrb
<figs/graphoutbreak1.png, id=241, 385.44pt x 183.5658pt>
File: figs/graphoutbreak1.png Graphic file (type png)

<use figs/graphoutbreak1.png>
Package pdftex.def Info: figs/graphoutbreak1.png used on input line 8.
(pdftex.def)             Requested size: 385.43906pt x 183.56534pt.
)
Overfull \hbox (0.4pt too wide) in paragraph at lines 456--456
[][]  
 []

File: background.png Graphic file (type png)
<use background.png>
Package pdftex.def Info: background.png used on input line 456.
(pdftex.def)             Requested size: 399.47777pt x 365.22983pt.
 [30

 <./figs/graphoutbreak1.png>] (./RKI_TJ_1.1.vrb
<figs/graphoutbreak2.png, id=248, 385.44pt x 183.5658pt>
File: figs/graphoutbreak2.png Graphic file (type png)

<use figs/graphoutbreak2.png>
Package pdftex.def Info: figs/graphoutbreak2.png used on input line 8.
(pdftex.def)             Requested size: 385.43906pt x 183.56534pt.
)
Overfull \hbox (0.4pt too wide) in paragraph at lines 456--456
[][]  
 []

File: background.png Graphic file (type png)
<use background.png>
Package pdftex.def Info: background.png used on input line 456.
(pdftex.def)             Requested size: 399.47777pt x 365.22983pt.
 [31

 <./figs/graphoutbreak2.png>] (./RKI_TJ_1.1.vrb
<figs/graphoutbreak3.png, id=256, 385.44pt x 183.5658pt>
File: figs/graphoutbreak3.png Graphic file (type png)

<use figs/graphoutbreak3.png>
Package pdftex.def Info: figs/graphoutbreak3.png used on input line 8.
(pdftex.def)             Requested size: 385.43906pt x 183.56534pt.
)
Overfull \hbox (0.4pt too wide) in paragraph at lines 456--456
[][]  
 []

File: background.png Graphic file (type png)
<use background.png>
Package pdftex.def Info: background.png used on input line 456.
(pdftex.def)             Requested size: 399.47777pt x 365.22983pt.
 [32

 <./figs/graphoutbreak3.png>] (./RKI_TJ_1.1.vrb
<figs/graphoutbreak4.png, id=263, 578.16pt x 275.3487pt>
File: figs/graphoutbreak4.png Graphic file (type png)

<use figs/graphoutbreak4.png>
Package pdftex.def Info: figs/graphoutbreak4.png used on input line 8.
(pdftex.def)             Requested size: 578.15858pt x 275.348pt.
)
Overfull \hbox (0.4pt too wide) in paragraph at lines 456--456
[][]  
 []

File: background.png Graphic file (type png)
<use background.png>
Package pdftex.def Info: background.png used on input line 456.
(pdftex.def)             Requested size: 399.47777pt x 365.22983pt.
 [33

 <./figs/graphoutbreak4.png>]
\openout4 = `RKI_TJ_1.1.vrb'.

 (./RKI_TJ_1.1.vrb
<figs/vimespruning1.png, id=270, 666.69075pt x 337.86224pt>
File: figs/vimespruning1.png Graphic file (type png)

<use figs/vimespruning1.png>
Package pdftex.def Info: figs/vimespruning1.png used on input line 8.
(pdftex.def)             Requested size: 666.68912pt x 337.8614pt.
)
Overfull \hbox (0.4pt too wide) in paragraph at lines 479--479
[][]  
 []

File: background.png Graphic file (type png)
<use background.png>
Package pdftex.def Info: background.png used on input line 479.
(pdftex.def)             Requested size: 399.47777pt x 365.22983pt.
 [34

 <./figs/vimespruning1.png>] (./RKI_TJ_1.1.vrb
<figs/vimespruning2.png, id=277, 844.65562pt x 597.13087pt>
File: figs/vimespruning2.png Graphic file (type png)

<use figs/vimespruning2.png>
Package pdftex.def Info: figs/vimespruning2.png used on input line 8.
(pdftex.def)             Requested size: 844.65356pt x 597.12941pt.
)
Overfull \hbox (0.4pt too wide) in paragraph at lines 479--479
[][]  
 []


Overfull \vbox (5.45387pt too high) detected at line 479
 []

File: background.png Graphic file (type png)
<use background.png>
Package pdftex.def Info: background.png used on input line 479.
(pdftex.def)             Requested size: 399.47777pt x 365.22983pt.
 [35

 <./figs/vimespruning2.png>] (./RKI_TJ_1.1.vrb
<figs/vimespruning3.png, id=284, 844.65562pt x 597.13087pt>
File: figs/vimespruning3.png Graphic file (type png)

<use figs/vimespruning3.png>
Package pdftex.def Info: figs/vimespruning3.png used on input line 8.
(pdftex.def)             Requested size: 844.65356pt x 597.12941pt.
)
Overfull \hbox (0.4pt too wide) in paragraph at lines 479--479
[][]  
 []


Overfull \vbox (5.45387pt too high) detected at line 479
 []

File: background.png Graphic file (type png)
<use background.png>
Package pdftex.def Info: background.png used on input line 479.
(pdftex.def)             Requested size: 399.47777pt x 365.22983pt.
 [36

 <./figs/vimespruning3.png>] (./RKI_TJ_1.1.vrb
<figs/vimespruning4.png, id=291, 844.65562pt x 597.13087pt>
File: figs/vimespruning4.png Graphic file (type png)

<use figs/vimespruning4.png>
Package pdftex.def Info: figs/vimespruning4.png used on input line 8.
(pdftex.def)             Requested size: 844.65356pt x 597.12941pt.
)
Overfull \hbox (0.4pt too wide) in paragraph at lines 479--479
[][]  
 []


Overfull \vbox (5.45387pt too high) detected at line 479
 []

File: background.png Graphic file (type png)
<use background.png>
Package pdftex.def Info: background.png used on input line 479.
(pdftex.def)             Requested size: 399.47777pt x 365.22983pt.
 [37

 <./figs/vimespruning4.png>] (./RKI_TJ_1.1.vrb
<figs/vimespruning5.png, id=299, 844.65562pt x 597.13087pt>
File: figs/vimespruning5.png Graphic file (type png)

<use figs/vimespruning5.png>
Package pdftex.def Info: figs/vimespruning5.png used on input line 8.
(pdftex.def)             Requested size: 844.65356pt x 597.12941pt.
)
Overfull \hbox (0.4pt too wide) in paragraph at lines 479--479
[][]  
 []


Overfull \vbox (5.45387pt too high) detected at line 479
 []

File: background.png Graphic file (type png)
<use background.png>
Package pdftex.def Info: background.png used on input line 479.
(pdftex.def)             Requested size: 399.47777pt x 365.22983pt.
 [38

 <./figs/vimespruning5.png>] (./RKI_TJ_1.1.vrb
<figs/vimespruning6.png, id=306, 844.65562pt x 597.13087pt>
File: figs/vimespruning6.png Graphic file (type png)

<use figs/vimespruning6.png>
Package pdftex.def Info: figs/vimespruning6.png used on input line 8.
(pdftex.def)             Requested size: 844.65356pt x 597.12941pt.
)
Overfull \hbox (0.4pt too wide) in paragraph at lines 479--479
[][]  
 []


Overfull \vbox (5.45387pt too high) detected at line 479
 []

File: background.png Graphic file (type png)
<use background.png>
Package pdftex.def Info: background.png used on input line 479.
(pdftex.def)             Requested size: 399.47777pt x 365.22983pt.
 [39

 <./figs/vimespruning6.png>]
\openout4 = `RKI_TJ_1.1.vrb'.

 (./RKI_TJ_1.1.vrb
<figs/rabiesdata.jpg, id=313, 1061.9675pt x 730.73pt>
File: figs/rabiesdata.jpg Graphic file (type jpg)

<use figs/rabiesdata.jpg>
Package pdftex.def Info: figs/rabiesdata.jpg used on input line 6.
(pdftex.def)             Requested size: 1061.9649pt x 730.72821pt.
)
Overfull \hbox (0.4pt too wide) in paragraph at lines 500--500
[][]  
 []


Overfull \vbox (1.88962pt too high) detected at line 500
 []

File: background.png Graphic file (type png)
<use background.png>
Package pdftex.def Info: background.png used on input line 500.
(pdftex.def)             Requested size: 399.47777pt x 365.22983pt.
 [40

 <./figs/rabiesdata.jpg>]
\openout4 = `RKI_TJ_1.1.vrb'.

 (./RKI_TJ_1.1.vrb
<figs/rabiesdistances.jpg, id=319, 1520.68124pt x 851.18pt>
File: figs/rabiesdistances.jpg Graphic file (type jpg)

<use figs/rabiesdistances.jpg>
Package pdftex.def Info: figs/rabiesdistances.jpg used on input line 6.
(pdftex.def)             Requested size: 1520.67755pt x 851.1779pt.
)
Overfull \hbox (0.4pt too wide) in paragraph at lines 523--523
[][]  
 []

File: background.png Graphic file (type png)
<use background.png>
Package pdftex.def Info: background.png used on input line 523.
(pdftex.def)             Requested size: 399.47777pt x 365.22983pt.
 [41

 <./figs/rabiesdistances.jpg>]
\openout4 = `RKI_TJ_1.1.vrb'.

 (./RKI_TJ_1.1.vrb
<figs/rabiesresults.jpg, id=327, 1597.97pt x 1037.8775pt>
File: figs/rabiesresults.jpg Graphic file (type jpg)

<use figs/rabiesresults.jpg>
Package pdftex.def Info: figs/rabiesresults.jpg used on input line 6.
(pdftex.def)             Requested size: 1597.96611pt x 1037.87498pt.
)
Overfull \hbox (0.4pt too wide) in paragraph at lines 552--552
[][]  
 []


Overfull \vbox (81.99554pt too high) detected at line 552
 []

File: background.png Graphic file (type png)
<use background.png>
Package pdftex.def Info: background.png used on input line 552.
(pdftex.def)             Requested size: 399.47777pt x 365.22983pt.
 [42

 <./figs/rabiesresults.jpg>] (./RKI_TJ_1.1.vrb
File: figs/rabiesresults.jpg Graphic file (type jpg)

<use figs/rabiesresults.jpg>
Package pdftex.def Info: figs/rabiesresults.jpg used on input line 9.
(pdftex.def)             Requested size: 1597.96611pt x 1037.87498pt.
)
Overfull \hbox (0.4pt too wide) in paragraph at lines 552--552
[][]  
 []


Overfull \vbox (9.08131pt too high) detected at line 552
 []

File: background.png Graphic file (type png)
<use background.png>
Package pdftex.def Info: background.png used on input line 552.
(pdftex.def)             Requested size: 399.47777pt x 365.22983pt.
 [43

]
\openout4 = `RKI_TJ_1.1.vrb'.

 (./RKI_TJ_1.1.vrb)
Overfull \hbox (0.4pt too wide) in paragraph at lines 580--580
[][]  
 []

File: background.png Graphic file (type png)
<use background.png>
Package pdftex.def Info: background.png used on input line 580.
(pdftex.def)             Requested size: 399.47777pt x 365.22983pt.
 [44

] (./RKI_TJ_1.1.vrb)
Overfull \hbox (0.4pt too wide) in paragraph at lines 580--580
[][]  
 []

File: background.png Graphic file (type png)
<use background.png>
Package pdftex.def Info: background.png used on input line 580.
(pdftex.def)             Requested size: 399.47777pt x 365.22983pt.
 [45

] (./RKI_TJ_1.1.vrb)
Overfull \hbox (0.4pt too wide) in paragraph at lines 580--580
[][]  
 []

File: background.png Graphic file (type png)
<use background.png>
Package pdftex.def Info: background.png used on input line 580.
(pdftex.def)             Requested size: 399.47777pt x 365.22983pt.
 [46

] (./RKI_TJ_1.1.vrb)
Overfull \hbox (0.4pt too wide) in paragraph at lines 580--580
[][]  
 []

File: background.png Graphic file (type png)
<use background.png>
Package pdftex.def Info: background.png used on input line 580.
(pdftex.def)             Requested size: 399.47777pt x 365.22983pt.
 [47

]
\openout4 = `RKI_TJ_1.1.vrb'.

 (./RKI_TJ_1.1.vrb
File: figs/recon-logo.png Graphic file (type png)
 <use figs/recon-logo.png>
Package pdftex.def Info: figs/recon-logo.png used on input line 19.
(pdftex.def)             Requested size: 115.23369pt x 31.30505pt.
)
Overfull \hbox (0.4pt too wide) in paragraph at lines 628--628
[][]  
 []


Overfull \vbox (5.02094pt too high) detected at line 628
 []

File: background.png Graphic file (type png)
<use background.png>
Package pdftex.def Info: background.png used on input line 628.
(pdftex.def)             Requested size: 399.47777pt x 365.22983pt.
 [48

]
\tf@nav=\write7
\openout7 = `RKI_TJ_1.1.nav'.

\tf@toc=\write8
\openout8 = `RKI_TJ_1.1.toc'.

\tf@snm=\write9
\openout9 = `RKI_TJ_1.1.snm'.

Package atveryend Info: Empty hook `BeforeClearDocument' on input line 644.
Package atveryend Info: Empty hook `AfterLastShipout' on input line 644.
 (./RKI_TJ_1.1.aux)
Package atveryend Info: Executing hook `AtVeryEndDocument' on input line 644.
Package atveryend Info: Executing hook `AtEndAfterFileList' on input line 644.
Package rerunfilecheck Info: File `RKI_TJ_1.1.out' has not changed.
(rerunfilecheck)             Checksum: A2CF782CF35736AE956EC78D76F64526;142.


LaTeX Font Warning: Size substitutions with differences
(Font)              up to 1.0pt have occurred.


LaTeX Font Warning: Some font shapes were not available, defaults substituted.

Package atveryend Info: Empty hook `AtVeryVeryEnd' on input line 644.
 ) 
Here is how much of TeX's memory you used:
 24606 strings out of 494945
 457695 string characters out of 6181032
 574435 words of memory out of 5000000
 27054 multiletter control sequences out of 15000+600000
 37222 words of font info for 107 fonts, out of 8000000 for 9000
 14 hyphenation exceptions out of 8191
 61i,13n,82p,3255b,764s stack positions out of 5000i,500n,10000p,200000b,80000s
 </home/thibaut/.texlive2016/texmf-var/fonts/pk/ljfour/jknappen/ec/ecsx2074.6
00pk> </home/thibaut/.texlive2016/texmf-var/fonts/pk/ljfour/jknappen/ec/ecsi207
4.600pk> </home/thibaut/.texlive2016/texmf-var/fonts/pk/ljfour/jknappen/ec/ecit
0900.600pk> </home/thibaut/.texlive2016/texmf-var/fonts/pk/ljfour/jknappen/ec/e
csx1000.600pk> </home/thibaut/.texlive2016/texmf-var/fonts/pk/ljfour/jknappen/e
c/ecss0900.600pk> </home/thibaut/.texlive2016/texmf-var/fonts/pk/ljfour/jknappe
n/ec/ecss0600.600pk> </home/thibaut/.texlive2016/texmf-var/fonts/pk/ljfour/jkna
ppen/ec/ecsx1095.600pk> </home/thibaut/.texlive2016/texmf-var/fonts/pk/ljfour/j
knappen/ec/ecss1095.600pk> </home/thibaut/.texlive2016/texmf-var/fonts/pk/ljfou
r/jknappen/ec/ecit1095.600pk> </home/thibaut/.texlive2016/texmf-var/fonts/pk/lj
four/jknappen/ec/ecit0800.450pk> </home/thibaut/.texlive2016/texmf-var/fonts/pk
/ljfour/jknappen/ec/ecsi1095.600pk> </home/thibaut/.texlive2016/texmf-var/fonts
/pk/ljfour/jknappen/ec/ecsx1440.600pk> </home/thibaut/.texlive2016/texmf-var/fo
nts/pk/ljfour/jknappen/ec/ecsx1200.600pk> </home/thibaut/.texlive2016/texmf-var
/fonts/pk/ljfour/jknappen/ec/ecss0800.600pk> </home/thibaut/.texlive2016/texmf-
var/fonts/pk/ljfour/jknappen/ec/ecss1000.600pk> </home/thibaut/.texlive2016/tex
mf-var/fonts/pk/ljfour/jknappen/ec/ecss1200.600pk></usr/share/texlive/texmf-dis
t/fonts/type1/public/amsfonts/cm/cmmi10.pfb></usr/share/texlive/texmf-dist/font
s/type1/public/amsfonts/cm/cmr10.pfb></usr/share/texlive/texmf-dist/fonts/type1
/public/amsfonts/cm/cmr8.pfb></usr/share/texlive/texmf-dist/fonts/type1/public/
amsfonts/cm/cmr9.pfb></usr/share/texlive/texmf-dist/fonts/type1/public/amsfonts
/cm/cmsy10.pfb>
Output written on RKI_TJ_1.1.pdf (48 pages, 10605889 bytes).
PDF statistics:
 862 PDF objects out of 1000 (max. 8388607)
 330 compressed objects within 4 object streams
 99 named destinations out of 1000 (max. 500000)
 244 words of extra memory for PDF output out of 10000 (max. 10000000)

